2024-06-13 09:58:42 info: =================================
2024-06-13 09:58:42 info: ======= ENV: development =======
2024-06-13 09:58:42 info: 🚀 App listening on the port 7777
2024-06-13 09:58:42 info: =================================
2024-06-13 09:59:03 info: [0mGET /api/users/allusers/?org_id=2 [33m404[0m 40.549 ms - 158[0m
2024-06-13 10:00:31 info: =================================
2024-06-13 10:00:31 info: ======= ENV: development =======
2024-06-13 10:00:31 info: 🚀 App listening on the port 7777
2024-06-13 10:00:31 info: =================================
2024-06-13 10:00:37 info: [0mGET /api/users/allusers/?org_id=2 [33m404[0m 23.069 ms - 158[0m
2024-06-13 10:00:58 info: =================================
2024-06-13 10:00:58 info: ======= ENV: development =======
2024-06-13 10:00:58 info: 🚀 App listening on the port 7777
2024-06-13 10:00:59 info: =================================
2024-06-13 10:03:20 info: =================================
2024-06-13 10:03:20 info: ======= ENV: development =======
2024-06-13 10:03:20 info: 🚀 App listening on the port 7777
2024-06-13 10:03:20 info: =================================
2024-06-13 10:03:37 info: [0mGET /api/users/allusers/?org_id=2 [33m404[0m 28.925 ms - 158[0m
2024-06-13 10:07:09 info: [0mGET /api/users/allusers/2 [32m200[0m 574.535 ms - 190[0m
2024-06-13 10:10:22 info: =================================
2024-06-13 10:10:22 info: ======= ENV: development =======
2024-06-13 10:10:22 info: 🚀 App listening on the port 7777
2024-06-13 10:10:22 info: =================================
2024-06-13 10:11:01 info: [0mPOST /api/users/login [32m200[0m 237.295 ms - 157[0m
2024-06-13 10:24:11 info: =================================
2024-06-13 10:24:11 info: ======= ENV: development =======
2024-06-13 10:24:11 info: 🚀 App listening on the port 7777
2024-06-13 10:24:11 info: =================================
2024-06-13 10:24:16 info: [0mGET /api/users/allusers/2 [32m200[0m 133.158 ms - 190[0m
2024-06-13 12:01:58 info: =================================
2024-06-13 12:01:58 info: ======= ENV: development =======
2024-06-13 12:01:58 info: 🚀 App listening on the port 7777
2024-06-13 12:01:58 info: =================================
2024-06-13 12:16:14 info: =================================
2024-06-13 12:16:14 info: ======= ENV: development =======
2024-06-13 12:16:14 info: 🚀 App listening on the port 7777
2024-06-13 12:16:14 info: =================================
2024-06-13 12:43:40 info: =================================
2024-06-13 12:43:40 info: ======= ENV: development =======
2024-06-13 12:43:40 info: 🚀 App listening on the port 7777
2024-06-13 12:43:40 info: =================================
2024-06-13 12:44:34 info: [0mPOST /api/products [33m404[0m 7.996 ms - 152[0m
2024-06-13 12:45:17 info: =================================
2024-06-13 12:45:17 info: ======= ENV: development =======
2024-06-13 12:45:17 info: 🚀 App listening on the port 7777
2024-06-13 12:45:17 info: =================================
2024-06-13 12:45:26 info: [0mPOST /api/products [33m404[0m 18.341 ms - 152[0m
2024-06-13 12:50:04 info: =================================
2024-06-13 12:50:04 info: ======= ENV: development =======
2024-06-13 12:50:04 info: 🚀 App listening on the port 7777
2024-06-13 12:50:04 info: =================================
2024-06-13 12:50:28 info: [0mPOST /api/products [33m404[0m 15.767 ms - 152[0m
2024-06-13 12:52:11 info: =================================
2024-06-13 12:52:11 info: ======= ENV: development =======
2024-06-13 12:52:11 info: 🚀 App listening on the port 7777
2024-06-13 12:52:11 info: =================================
2024-06-13 13:17:06 info: =================================
2024-06-13 13:17:06 info: ======= ENV: development =======
2024-06-13 13:17:06 info: 🚀 App listening on the port 7777
2024-06-13 13:17:06 info: =================================
2024-06-13 13:20:24 info: =================================
2024-06-13 13:20:24 info: ======= ENV: development =======
2024-06-13 13:20:24 info: 🚀 App listening on the port 7777
2024-06-13 13:20:24 info: =================================
2024-06-13 13:22:30 info: =================================
2024-06-13 13:22:30 info: ======= ENV: development =======
2024-06-13 13:22:30 info: 🚀 App listening on the port 7777
2024-06-13 13:22:30 info: =================================
2024-06-13 13:25:36 info: [0mPOST /api/products [33m404[0m 13.984 ms - 152[0m
2024-06-13 13:35:55 info: =================================
2024-06-13 13:35:55 info: ======= ENV: development =======
2024-06-13 13:35:55 info: 🚀 App listening on the port 7777
2024-06-13 13:35:55 info: =================================
2024-06-13 13:39:16 info: =================================
2024-06-13 13:39:16 info: ======= ENV: development =======
2024-06-13 13:39:16 info: 🚀 App listening on the port 7777
2024-06-13 13:39:16 info: =================================
2024-06-13 13:39:22 info: [0mPOST /api/products [33m404[0m 16.582 ms - 152[0m
2024-06-13 13:42:09 info: =================================
2024-06-13 13:42:09 info: ======= ENV: development =======
2024-06-13 13:42:09 info: 🚀 App listening on the port 7777
2024-06-13 13:42:09 info: =================================
2024-06-13 13:42:14 info: [0mPOST /api/products [33m404[0m 10.102 ms - 152[0m
2024-06-13 13:45:16 info: [0mPOST /api/products [33m404[0m 3.593 ms - 152[0m
2024-06-13 14:02:15 info: =================================
2024-06-13 14:02:15 info: ======= ENV: development =======
2024-06-13 14:02:15 info: 🚀 App listening on the port 7777
2024-06-13 14:02:15 info: =================================
2024-06-13 14:02:28 info: [0mPOST /api/products [33m404[0m 11.253 ms - 152[0m
2024-06-13 14:06:01 info: =================================
2024-06-13 14:06:01 info: ======= ENV: development =======
2024-06-13 14:06:01 info: 🚀 App listening on the port 7777
2024-06-13 14:06:01 info: =================================
2024-06-13 14:06:04 info: [0mPOST /api/products [33m404[0m 14.393 ms - 152[0m
2024-06-13 14:50:13 info: =================================
2024-06-13 14:50:13 info: ======= ENV: development =======
2024-06-13 14:50:13 info: 🚀 App listening on the port 7777
2024-06-13 14:50:13 info: =================================
2024-06-13 14:51:03 info: [0mPOST /api/products [33m404[0m 11.705 ms - 152[0m
2024-06-13 14:56:12 info: =================================
2024-06-13 14:56:12 info: ======= ENV: development =======
2024-06-13 14:56:12 info: 🚀 App listening on the port 7777
2024-06-13 14:56:12 info: =================================
2024-06-13 14:56:24 info: [0mPOST /api/products [33m404[0m 15.578 ms - 152[0m
2024-06-13 14:56:26 info: [0mPOST /api/products [33m404[0m 2.903 ms - 152[0m
2024-06-13 14:59:20 info: [0mPOST /api/products [33m404[0m 2.191 ms - 152[0m
2024-06-13 14:59:42 info: =================================
2024-06-13 14:59:42 info: ======= ENV: development =======
2024-06-13 14:59:42 info: 🚀 App listening on the port 7777
2024-06-13 14:59:42 info: =================================
2024-06-13 14:59:45 info: [0mPOST /api/products [33m404[0m 9.717 ms - 152[0m
2024-06-13 15:02:15 info: [0mPOST /api/products [33m404[0m 3.478 ms - 152[0m
2024-06-13 15:06:15 info: =================================
2024-06-13 15:06:15 info: ======= ENV: development =======
2024-06-13 15:06:15 info: 🚀 App listening on the port 7777
2024-06-13 15:06:15 info: =================================
2024-06-13 15:06:21 error: 
Invalid `prisma.product.create()` invocation in
d:\ECOMMERCE\ecom\API-NEW\src\controllers\product\product.ts:51:42

  48 };
  49 
  50 // Save product using Prisma
→ 51 const product = await prisma.product.create({
       data: {
         product_name: "Example Product",
         product_desc: "This is a sample product.",
         product_type_id: "1",
         category_id: "1",
         sub_category_id: "1",
         manuf_price: "100.50",
         retail_price: "150.75",
         product_unique_no: "123456789",
         org_id: "2",
         reward_points: "10",
                        ~~~~
         img_urls: [
           "/uploads/1718271381094-931883798.jpg"
         ]
       }
     })

Argument `reward_points`: Invalid value provided. Expected Int or Null, provided String.
2024-06-13 15:06:21 error: [POST] /api/products >> StatusCode:: 500, Message:: Failed to create product
2024-06-13 15:06:21 info: [0mPOST /api/products [31m500[0m 372.259 ms - 38[0m
2024-06-13 15:08:11 info: =================================
2024-06-13 15:08:11 info: ======= ENV: development =======
2024-06-13 15:08:11 info: 🚀 App listening on the port 7777
2024-06-13 15:08:11 info: =================================
2024-06-13 15:08:15 error: Error creating product: 
Invalid `prisma.product.create()` invocation in
d:\ECOMMERCE\ecom\API-NEW\src\controllers\product\product.ts:55:42

  52 };
  53 
  54 // Save product using Prisma
→ 55 const product = await prisma.product.create({
       data: {
         product_name: "Example Product",
         product_desc: "This is a sample product.",
         product_type_id: 1,
         category_id: 1,
         sub_category_id: 1,
         manuf_price: 100.5,
         retail_price: 150.75,
         product_unique_no: 123456789,
         org_id: 2,
         reward_points: 10,
         img_urls: [
         ~~~~~~~~
           "/uploads/1718271494938-976427210.jpg"
         ],
     ?   product_id?: BigInt,
     ?   img_small?: String | Null
       }
     })

Unknown argument `img_urls`. Available options are marked with ?.
2024-06-13 15:08:15 error: [POST] /api/products >> StatusCode:: 500, Message:: Failed to create product: 
Invalid `prisma.product.create()` invocation in
d:\ECOMMERCE\ecom\API-NEW\src\controllers\product\product.ts:55:42

  52 };
  53 
  54 // Save product using Prisma
→ 55 const product = await prisma.product.create({
       data: {
         product_name: "Example Product",
         product_desc: "This is a sample product.",
         product_type_id: 1,
         category_id: 1,
         sub_category_id: 1,
         manuf_price: 100.5,
         retail_price: 150.75,
         product_unique_no: 123456789,
         org_id: 2,
         reward_points: 10,
         img_urls: [
         ~~~~~~~~
           "/uploads/1718271494938-976427210.jpg"
         ],
     ?   product_id?: BigInt,
     ?   img_small?: String | Null
       }
     })

Unknown argument `img_urls`. Available options are marked with ?.
2024-06-13 15:08:15 info: [0mPOST /api/products [31m500[0m 233.754 ms - 887[0m
2024-06-13 15:14:21 info: =================================
2024-06-13 15:14:21 info: ======= ENV: development =======
2024-06-13 15:14:21 info: 🚀 App listening on the port 7777
2024-06-13 15:14:21 info: =================================
2024-06-13 15:14:33 info: [0mPOST /api/products [32m201[0m 131.502 ms - 368[0m
2024-06-13 15:16:12 info: =================================
2024-06-13 15:16:12 info: ======= ENV: development =======
2024-06-13 15:16:12 info: 🚀 App listening on the port 7777
2024-06-13 15:16:12 info: =================================
2024-06-13 15:19:45 info: [0mPOST /api/products [32m201[0m 140.051 ms - 350[0m
2024-06-13 15:25:55 info: =================================
2024-06-13 15:25:55 info: ======= ENV: development =======
2024-06-13 15:25:55 info: 🚀 App listening on the port 7777
2024-06-13 15:25:55 info: =================================
2024-06-13 15:26:05 info: [0mPOST /api/getproducts [33m404[0m 7.823 ms - 155[0m
2024-06-13 15:31:26 info: [0mPOST /api/getproducts [33m404[0m 3.753 ms - 155[0m
2024-06-13 15:31:53 info: =================================
2024-06-13 15:31:53 info: ======= ENV: development =======
2024-06-13 15:31:53 info: 🚀 App listening on the port 7777
2024-06-13 15:31:53 info: =================================
2024-06-13 15:32:01 info: [0mPOST /api/getproduct [33m404[0m 8.869 ms - 154[0m
2024-06-13 15:32:06 info: [0mGET /api/getproduct [32m200[0m 109.066 ms - 674[0m
2024-06-13 15:32:32 info: [0mGET /api/getproduct [32m200[0m 102.271 ms - 674[0m
2024-06-13 15:36:26 info: =================================
2024-06-13 15:36:26 info: ======= ENV: development =======
2024-06-13 15:36:26 info: 🚀 App listening on the port 7777
2024-06-13 15:36:26 info: =================================
2024-06-13 15:37:02 info: [0mGET /api/getproducts [33m404[0m 12.792 ms - 154[0m
2024-06-13 15:37:02 info: [0mGET /api/getproducts [33m404[0m 4.610 ms - 154[0m
2024-06-13 15:37:03 info: [0mGET /api/getproducts [33m404[0m 1.877 ms - 154[0m
2024-06-13 15:37:03 info: [0mGET /api/getproducts [33m404[0m 1.395 ms - 154[0m
2024-06-13 15:37:35 info: [0mGET /api/getproducts [33m404[0m 2.427 ms - 154[0m
2024-06-13 15:37:35 info: [0mGET /api/getproducts [33m404[0m 1.333 ms - 154[0m
2024-06-13 15:40:18 info: [0mGET /api/getproducts [33m404[0m 2.333 ms - 154[0m
2024-06-13 15:40:19 info: [0mGET /api/getproducts [33m404[0m 0.789 ms - 154[0m
2024-06-13 15:41:34 info: [0mGET /api/getproducts [33m404[0m 2.759 ms - 154[0m
2024-06-13 15:41:34 info: [0mGET /api/getproducts [33m404[0m 0.944 ms - 154[0m
2024-06-13 15:41:42 info: [0mGET /api/getproducts [33m404[0m 2.228 ms - 154[0m
2024-06-13 15:41:42 info: [0mGET /api/getproducts [33m404[0m 3.654 ms - 154[0m
2024-06-13 15:41:45 info: [0mGET /api/getproducts [33m404[0m 1.424 ms - 154[0m
2024-06-13 15:41:45 info: [0mGET /api/getproducts [33m404[0m 3.271 ms - 154[0m
2024-06-13 15:42:08 info: [0mGET /api/getproduct [32m200[0m 191.714 ms - 674[0m
2024-06-13 15:42:09 info: [0mGET /api/getproduct [36m304[0m 75.389 ms - -[0m
2024-06-13 15:45:16 info: [0mGET /api/getproduct [36m304[0m 81.049 ms - -[0m
2024-06-13 15:45:16 info: [0mGET /api/getproduct [36m304[0m 85.409 ms - -[0m
2024-06-13 15:45:16 info: [0mGET /api/getproduct [36m304[0m 81.672 ms - -[0m
2024-06-13 15:45:16 info: [0mGET /api/getproduct [36m304[0m 89.649 ms - -[0m
2024-06-13 15:47:49 info: [0mGET /api/getproduct [36m304[0m 96.259 ms - -[0m
2024-06-13 15:47:49 info: [0mGET /api/getproduct [36m304[0m 205.492 ms - -[0m
2024-06-13 15:47:49 info: [0mGET /api/getproduct [36m304[0m 102.994 ms - -[0m
2024-06-13 15:47:49 info: [0mGET /api/getproduct [36m304[0m 90.288 ms - -[0m
2024-06-13 15:49:19 info: [0mGET /api/getproduct [36m304[0m 184.775 ms - -[0m
2024-06-13 15:49:20 info: [0mGET /api/getproduct [36m304[0m 185.153 ms - -[0m
2024-06-13 15:49:20 info: [0mGET /api/getproduct [36m304[0m 130.548 ms - -[0m
2024-06-13 15:49:20 info: [0mGET /api/getproduct [36m304[0m 127.515 ms - -[0m
2024-06-13 15:52:42 info: [0mGET /api/getproduct [36m304[0m 90.364 ms - -[0m
2024-06-13 15:52:42 info: [0mGET /api/getproduct [36m304[0m 99.453 ms - -[0m
2024-06-13 15:52:42 info: [0mGET /api/getproduct [36m304[0m 111.991 ms - -[0m
2024-06-13 15:52:42 info: [0mGET /api/getproduct [36m304[0m 95.137 ms - -[0m
2024-06-13 15:52:42 info: [0mGET /api/getproduct [36m304[0m 88.747 ms - -[0m
2024-06-13 15:52:43 info: [0mGET /api/getproduct [36m304[0m 98.138 ms - -[0m
2024-06-13 15:52:43 info: [0mGET /api/getproduct [36m304[0m 140.625 ms - -[0m
2024-06-13 15:52:43 info: [0mGET /api/getproduct [36m304[0m 90.101 ms - -[0m
2024-06-13 15:52:43 info: [0mGET /api/getproduct [36m304[0m 105.187 ms - -[0m
2024-06-13 15:52:43 info: [0mGET /api/getproduct [36m304[0m 117.384 ms - -[0m
2024-06-13 15:52:43 info: [0mGET /api/getproduct [36m304[0m 132.490 ms - -[0m
2024-06-13 15:52:43 info: [0mGET /api/getproduct [36m304[0m 116.377 ms - -[0m
2024-06-13 15:58:45 info: [0mGET /api/getproduct [36m304[0m 154.931 ms - -[0m
2024-06-13 15:58:45 info: [0mGET /api/getproduct [36m304[0m 97.719 ms - -[0m
2024-06-13 15:58:45 info: [0mGET /api/getproduct [36m304[0m 98.817 ms - -[0m
2024-06-13 15:58:45 info: [0mGET /api/getproduct [36m304[0m 88.326 ms - -[0m
2024-06-13 15:58:48 info: [0mGET /api/getproduct [36m304[0m 78.062 ms - -[0m
2024-06-13 15:58:49 info: [0mGET /api/getproduct [36m304[0m 99.535 ms - -[0m
2024-06-13 15:58:49 info: [0mGET /api/getproduct [36m304[0m 81.901 ms - -[0m
2024-06-13 15:58:49 info: [0mGET /api/getproduct [36m304[0m 86.850 ms - -[0m
2024-06-13 15:58:49 info: [0mGET /api/getproduct [36m304[0m 78.644 ms - -[0m
2024-06-13 15:58:49 info: [0mGET /api/getproduct [36m304[0m 65.523 ms - -[0m
2024-06-13 17:03:29 info: =================================
2024-06-13 17:03:29 info: ======= ENV: development =======
2024-06-13 17:03:29 info: 🚀 App listening on the port 7777
2024-06-13 17:03:29 info: =================================
2024-06-13 17:24:56 info: [0mGET /api/getproduct [32m200[0m 1027.204 ms - 674[0m
2024-06-13 17:24:57 info: [0mGET /api/getproduct [36m304[0m 315.951 ms - -[0m
2024-06-13 17:24:57 info: [0mGET /api/getproduct [36m304[0m 159.021 ms - -[0m
2024-06-13 17:24:57 info: [0mGET /api/getproduct [36m304[0m 94.666 ms - -[0m
