2024-06-20 10:53:42 info: =================================
2024-06-20 10:53:42 info: ======= ENV: development =======
2024-06-20 10:53:42 info: 🚀 App listening on the port 7777
2024-06-20 10:53:42 info: =================================
2024-06-20 10:54:14 info: [0mGET /api/getproduct [36m304[0m 672.389 ms - -[0m
2024-06-20 10:54:14 info: [0mGET /api/getproduct [36m304[0m 179.981 ms - -[0m
2024-06-20 10:54:15 info: [0mGET /api/getproduct [36m304[0m 147.415 ms - -[0m
2024-06-20 10:54:15 info: [0mGET /uploads/1718271873693-902031442.jpg [33m404[0m 35.315 ms - 174[0m
2024-06-20 10:54:15 info: [0mGET /uploads/1718272185584-558644428.jpg [33m404[0m 52.161 ms - 174[0m
2024-06-20 10:54:15 info: [0mGET /api/getproduct [36m304[0m 171.976 ms - -[0m
2024-06-20 10:54:15 info: [0mGET /uploads/1718271873693-902031442.jpg [33m404[0m 4.197 ms - 174[0m
2024-06-20 10:54:15 info: [0mGET /uploads/1718272185584-558644428.jpg [33m404[0m 9.556 ms - 174[0m
2024-06-20 10:54:15 info: [0mGET /api/getproduct [36m304[0m 147.791 ms - -[0m
2024-06-20 10:54:15 info: [0mGET /api/getproduct [36m304[0m 183.151 ms - -[0m
2024-06-20 11:39:01 info: [0mGET /api/getproduct [32m200[0m 82.623 ms - 674[0m
2024-06-20 11:51:36 info: [0mGET /api/getproduct [36m304[0m 146.747 ms - -[0m
2024-06-20 11:51:36 info: [0mGET /api/getproduct [36m304[0m 143.694 ms - -[0m
2024-06-20 11:51:36 info: [0mGET /api/getproduct [36m304[0m 141.674 ms - -[0m
2024-06-20 11:51:37 info: [0mGET /uploads/1718271873693-902031442.jpg [33m404[0m 6.413 ms - 174[0m
2024-06-20 11:51:37 info: [0mGET /uploads/1718272185584-558644428.jpg [33m404[0m 5.779 ms - 174[0m
2024-06-20 11:51:37 info: [0mGET /api/getproduct [36m304[0m 135.533 ms - -[0m
2024-06-20 11:51:37 info: [0mGET /uploads/1718272185584-558644428.jpg [33m404[0m 2.825 ms - 174[0m
2024-06-20 11:51:37 info: [0mGET /uploads/1718271873693-902031442.jpg [33m404[0m 3.650 ms - 174[0m
2024-06-20 11:51:37 info: [0mGET /api/getproduct [36m304[0m 123.847 ms - -[0m
2024-06-20 11:51:37 info: [0mGET /api/getproduct [36m304[0m 166.851 ms - -[0m
2024-06-20 12:07:50 info: [0mGET /api/getproduct [36m304[0m 63.699 ms - -[0m
2024-06-20 12:07:50 info: [0mGET /api/getproduct [36m304[0m 70.006 ms - -[0m
2024-06-20 12:07:50 info: [0mGET /api/getproduct [36m304[0m 76.874 ms - -[0m
2024-06-20 12:08:47 info: [0mGET /api/getproduct [36m304[0m 105.295 ms - -[0m
2024-06-20 12:08:47 info: [0mGET /api/getproduct [36m304[0m 103.670 ms - -[0m
2024-06-20 12:08:47 info: [0mGET /api/getproduct [36m304[0m 91.475 ms - -[0m
2024-06-20 12:08:47 info: [0mGET /uploads/1718271873693-902031442.jpg [33m404[0m 5.786 ms - 174[0m
2024-06-20 12:08:47 info: [0mGET /uploads/1718272185584-558644428.jpg [33m404[0m 5.874 ms - 174[0m
2024-06-20 12:08:47 info: [0mGET /api/getproduct [36m304[0m 106.410 ms - -[0m
2024-06-20 12:08:47 info: [0mGET /uploads/1718271873693-902031442.jpg [33m404[0m 5.307 ms - 174[0m
2024-06-20 12:08:47 info: [0mGET /uploads/1718272185584-558644428.jpg [33m404[0m 7.222 ms - 174[0m
2024-06-20 12:08:47 info: [0mGET /api/getproduct [36m304[0m 110.241 ms - -[0m
2024-06-20 12:08:48 info: [0mGET /api/getproduct [36m304[0m 98.996 ms - -[0m
2024-06-20 12:09:27 info: =================================
2024-06-20 12:09:27 info: ======= ENV: development =======
2024-06-20 12:09:27 info: 🚀 App listening on the port 7777
2024-06-20 12:09:27 info: =================================
2024-06-20 12:10:00 info: [0mGET /api/getproduct [36m304[0m 105.889 ms - -[0m
2024-06-20 12:10:00 info: [0mGET /api/getproduct [36m304[0m 100.277 ms - -[0m
2024-06-20 12:10:00 info: [0mGET /api/getproduct [36m304[0m 71.334 ms - -[0m
2024-06-20 12:10:00 info: [0mGET /uploads/1718271873693-902031442.jpg [33m404[0m 9.695 ms - 174[0m
2024-06-20 12:10:00 info: [0mGET /uploads/1718272185584-558644428.jpg [33m404[0m 9.280 ms - 174[0m
2024-06-20 12:10:00 info: [0mGET /api/getproduct [36m304[0m 94.718 ms - -[0m
2024-06-20 12:10:00 info: [0mGET /uploads/1718271873693-902031442.jpg [33m404[0m 5.274 ms - 174[0m
2024-06-20 12:10:00 info: [0mGET /uploads/1718272185584-558644428.jpg [33m404[0m 5.779 ms - 174[0m
2024-06-20 12:10:01 info: [0mGET /api/getproduct [36m304[0m 75.332 ms - -[0m
2024-06-20 12:10:01 info: [0mGET /api/getproduct [36m304[0m 65.611 ms - -[0m
2024-06-20 12:18:36 info: [0mGET /api/getproduct [36m304[0m 109.928 ms - -[0m
2024-06-20 12:18:36 info: [0mGET /api/getproduct [36m304[0m 126.596 ms - -[0m
2024-06-20 12:18:36 info: [0mGET /api/getproduct [36m304[0m 76.470 ms - -[0m
2024-06-20 12:18:37 info: [0mGET /uploads/1718271873693-902031442.jpg [33m404[0m 5.247 ms - 174[0m
2024-06-20 12:18:37 info: [0mGET /uploads/1718272185584-558644428.jpg [33m404[0m 2.930 ms - 174[0m
2024-06-20 12:18:37 info: [0mGET /api/getproduct [36m304[0m 116.561 ms - -[0m
2024-06-20 12:18:37 info: [0mGET /uploads/1718271873693-902031442.jpg [33m404[0m 3.093 ms - 174[0m
2024-06-20 12:18:37 info: [0mGET /uploads/1718272185584-558644428.jpg [33m404[0m 2.274 ms - 174[0m
2024-06-20 12:18:37 info: [0mGET /api/getproduct [36m304[0m 79.401 ms - -[0m
2024-06-20 12:18:37 info: [0mGET /api/getproduct [36m304[0m 101.615 ms - -[0m
2024-06-20 12:22:21 info: =================================
2024-06-20 12:22:21 info: ======= ENV: development =======
2024-06-20 12:22:21 info: 🚀 App listening on the port 7777
2024-06-20 12:22:21 info: =================================
2024-06-20 12:22:45 info: [0mGET /api/getproduct [36m304[0m 165.976 ms - -[0m
2024-06-20 12:22:45 info: [0mGET /api/getproduct [36m304[0m 181.173 ms - -[0m
2024-06-20 12:22:45 info: [0mGET /api/getproduct [36m304[0m 132.827 ms - -[0m
2024-06-20 12:22:45 info: [0mGET /uploads/1718271873693-902031442.jpg [33m404[0m 21.956 ms - 174[0m
2024-06-20 12:22:45 info: [0mGET /uploads/1718272185584-558644428.jpg [33m404[0m 33.433 ms - 174[0m
2024-06-20 12:22:45 info: [0mGET /api/getproduct [36m304[0m 139.171 ms - -[0m
2024-06-20 12:22:45 info: [0mGET /uploads/1718271873693-902031442.jpg [33m404[0m 4.120 ms - 174[0m
2024-06-20 12:22:45 info: [0mGET /uploads/1718272185584-558644428.jpg [33m404[0m 5.236 ms - 174[0m
2024-06-20 12:22:45 info: [0mGET /api/getproduct [36m304[0m 120.502 ms - -[0m
2024-06-20 12:22:45 info: [0mGET /api/getproduct [36m304[0m 104.756 ms - -[0m
2024-06-20 12:27:12 info: [0mGET /uploads/1718272185584-558644428.jpg [33m404[0m 2.864 ms - 174[0m
2024-06-20 12:28:52 info: =================================
2024-06-20 12:28:52 info: ======= ENV: development =======
2024-06-20 12:28:52 info: 🚀 App listening on the port 7777
2024-06-20 12:28:52 info: =================================
2024-06-20 12:29:10 info: [0mGET /api/getproduct [36m304[0m 132.885 ms - -[0m
2024-06-20 12:29:10 info: [0mGET /api/getproduct [36m304[0m 181.235 ms - -[0m
2024-06-20 12:29:10 info: [0mGET /api/getproduct [36m304[0m 114.647 ms - -[0m
2024-06-20 12:29:11 info: [0mGET /uploads/1718271873693-902031442.jpg [33m404[0m 9.982 ms - 174[0m
2024-06-20 12:29:11 info: [0mGET /uploads/1718272185584-558644428.jpg [33m404[0m 8.379 ms - 174[0m
2024-06-20 12:29:11 info: [0mGET /api/getproduct [36m304[0m 197.020 ms - -[0m
2024-06-20 12:29:11 info: [0mGET /uploads/1718271873693-902031442.jpg [33m404[0m 1.973 ms - 174[0m
2024-06-20 12:29:11 info: [0mGET /uploads/1718272185584-558644428.jpg [33m404[0m 1.786 ms - 174[0m
2024-06-20 12:29:11 info: [0mGET /api/getproduct [36m304[0m 157.797 ms - -[0m
2024-06-20 12:29:11 info: [0mGET /api/getproduct [36m304[0m 123.802 ms - -[0m
2024-06-20 14:10:56 info: =================================
2024-06-20 14:10:56 info: ======= ENV: development =======
2024-06-20 14:10:56 info: 🚀 App listening on the port 7777
2024-06-20 14:10:56 info: =================================
2024-06-20 14:11:20 info: [0mGET /api/getproduct [36m304[0m 143.158 ms - -[0m
2024-06-20 14:11:20 info: [0mGET /api/getproduct [36m304[0m 197.100 ms - -[0m
2024-06-20 14:11:21 info: [0mGET /api/getproduct [36m304[0m 153.493 ms - -[0m
2024-06-20 14:11:21 info: [0mGET /uploads/1718271873693-902031442.jpg [33m404[0m 10.076 ms - 174[0m
2024-06-20 14:11:21 info: [0mGET /uploads/1718272185584-558644428.jpg [33m404[0m 10.502 ms - 174[0m
2024-06-20 14:11:21 info: [0mGET /api/getproduct [36m304[0m 152.529 ms - -[0m
2024-06-20 14:11:21 info: [0mGET /uploads/1718272185584-558644428.jpg [33m404[0m 3.611 ms - 174[0m
2024-06-20 14:11:21 info: [0mGET /uploads/1718271873693-902031442.jpg [33m404[0m 5.145 ms - 174[0m
2024-06-20 14:11:21 info: [0mGET /api/getproduct [36m304[0m 133.679 ms - -[0m
2024-06-20 14:11:21 info: [0mGET /api/getproduct [36m304[0m 114.774 ms - -[0m
2024-06-20 14:19:53 info: [0mGET /api/getproduct [36m304[0m 126.601 ms - -[0m
2024-06-20 14:19:53 info: [0mGET /api/getproduct [36m304[0m 193.625 ms - -[0m
2024-06-20 14:19:53 info: [0mGET /api/getproduct [36m304[0m 97.429 ms - -[0m
2024-06-20 14:19:53 info: [0mGET /uploads/1718271873693-902031442.jpg [33m404[0m 3.226 ms - 174[0m
2024-06-20 14:19:53 info: [0mGET /uploads/1718272185584-558644428.jpg [33m404[0m 4.335 ms - 174[0m
2024-06-20 14:19:53 info: [0mGET /api/getproduct [36m304[0m 108.880 ms - -[0m
2024-06-20 14:19:53 info: [0mGET /uploads/1718271873693-902031442.jpg [33m404[0m 4.170 ms - 174[0m
2024-06-20 14:19:53 info: [0mGET /uploads/1718272185584-558644428.jpg [33m404[0m 2.416 ms - 174[0m
2024-06-20 14:19:53 info: [0mGET /api/getproduct [36m304[0m 122.655 ms - -[0m
2024-06-20 14:19:53 info: [0mGET /api/getproduct [36m304[0m 80.960 ms - -[0m
2024-06-20 14:25:20 info: [0mGET /uploads/1718271873693-902031442.jpg [33m404[0m 5.354 ms - 174[0m
2024-06-20 14:28:15 info: [0mGET /uploads/1718272185584-558644428.jpg [33m404[0m 2.264 ms - 174[0m
2024-06-20 14:31:25 info: [0mGET /uploads/1718272185584-558644428.jpg [33m404[0m 2.403 ms - 174[0m
2024-06-20 14:56:57 info: [0mGET /uploads/1718271873693-902031442.jpg [33m404[0m 4.113 ms - 174[0m
2024-06-20 17:07:46 info: =================================
2024-06-20 17:07:46 info: ======= ENV: development =======
2024-06-20 17:07:46 info: 🚀 App listening on the port 7777
2024-06-20 17:07:46 info: =================================
2024-06-20 17:08:20 info: [0mGET /api/getproduct [36m304[0m 472.734 ms - -[0m
2024-06-20 17:08:20 info: [0mGET /api/getproduct [36m304[0m 169.055 ms - -[0m
2024-06-20 17:08:20 info: [0mGET /api/getproduct [36m304[0m 81.479 ms - -[0m
2024-06-20 17:08:20 info: [0mGET /uploads/1718271873693-902031442.jpg [32m200[0m 22.729 ms - 148048[0m
2024-06-20 17:08:20 info: [0mGET /uploads/1718272185584-558644428.jpg [32m200[0m 23.145 ms - 148048[0m
2024-06-20 17:08:20 info: [0mGET /api/getproduct [36m304[0m 96.321 ms - -[0m
2024-06-20 17:08:20 info: [0mGET /uploads/1718271873693-902031442.jpg [32m200[0m 4.292 ms - 148048[0m
2024-06-20 17:08:20 info: [0mGET /uploads/1718272185584-558644428.jpg [32m200[0m 4.051 ms - 148048[0m
2024-06-20 17:08:21 info: [0mGET /api/getproduct [36m304[0m 87.627 ms - -[0m
2024-06-20 17:08:21 info: [0mGET /api/getproduct [36m304[0m 67.125 ms - -[0m
