2024-06-24 10:13:23 info: ======= ENV: development =======
2024-06-24 10:13:23 info: 🚀 App listening on the port 7777
2024-06-24 10:14:19 info: [0mGET /api/getproduct [32m200[0m 690.389 ms - 674[0m
2024-06-24 10:14:19 info: [0mGET /api/getproduct [36m304[0m 178.688 ms - -[0m
2024-06-24 10:14:19 info: [0mGET /api/getproduct [36m304[0m 106.785 ms - -[0m
2024-06-24 10:14:19 info: [0mGET /api/getproduct [36m304[0m 103.188 ms - -[0m
2024-06-24 10:14:19 info: [0mGET /uploads/1718271873693-902031442.jpg [32m200[0m 16.117 ms - 148048[0m
2024-06-24 10:14:19 info: [0mGET /uploads/1718272185584-558644428.jpg [32m200[0m 21.801 ms - 148048[0m
2024-06-24 10:14:19 info: [0mGET /uploads/1718271873693-902031442.jpg [32m200[0m 8.113 ms - 148048[0m
2024-06-24 10:14:19 info: [0mGET /api/getproduct [36m304[0m 149.129 ms - -[0m
2024-06-24 10:14:19 info: [0mGET /api/getproduct [36m304[0m 112.182 ms - -[0m
2024-06-24 10:44:37 info: [0mGET /api/getproduct [36m304[0m 146.845 ms - -[0m
2024-06-24 10:44:37 info: [0mGET /api/getproduct [36m304[0m 130.855 ms - -[0m
2024-06-24 10:44:37 info: [0mGET /api/getproduct [36m304[0m 76.550 ms - -[0m
2024-06-24 10:47:07 info: ======= ENV: development =======
2024-06-24 10:47:07 info: 🚀 App listening on the port 7777
2024-06-24 10:47:41 info: [0mGET /api/getproduct [36m304[0m 99.489 ms - -[0m
2024-06-24 10:47:41 info: [0mGET /api/getproduct [36m304[0m 110.000 ms - -[0m
2024-06-24 10:47:41 info: [0mGET /api/getproduct [36m304[0m 73.314 ms - -[0m
2024-06-24 10:47:41 info: [0mGET /uploads/1718271873693-902031442.jpg [32m200[0m 11.400 ms - 148048[0m
2024-06-24 10:47:41 info: [0mGET /uploads/1718272185584-558644428.jpg [32m200[0m 9.983 ms - 148048[0m
2024-06-24 10:47:41 info: [0mGET /api/getproduct [36m304[0m 100.098 ms - -[0m
2024-06-24 10:47:41 info: [0mGET /uploads/1718271873693-902031442.jpg [32m200[0m 6.952 ms - 148048[0m
2024-06-24 10:47:41 info: [0mGET /uploads/1718272185584-558644428.jpg [32m200[0m 5.765 ms - 148048[0m
2024-06-24 10:47:41 info: [0mGET /api/getproduct [36m304[0m 81.794 ms - -[0m
2024-06-24 10:47:41 info: [0mGET /api/getproduct [36m304[0m 74.118 ms - -[0m
2024-06-24 10:56:19 info: [0mGET /uploads/1718271873693-902031442.jpg [32m200[0m 5.665 ms - 148048[0m
2024-06-24 10:56:20 info: Incoming request: GET /favicon.ico
2024-06-24 10:56:20 info: Request headers:
2024-06-24 10:56:20 info: [0mGET /favicon.ico [33m404[0m 8.470 ms - 150[0m
2024-06-24 11:13:54 info: [0mGET /api/getproduct [32m200[0m 163.142 ms - 674[0m
2024-06-24 11:13:54 info: [0mGET /api/getproduct [36m304[0m 120.481 ms - -[0m
2024-06-24 11:13:54 info: [0mGET /api/getproduct [36m304[0m 127.204 ms - -[0m
2024-06-24 11:13:54 info: [0mGET /uploads/1718271873693-902031442.jpg [32m200[0m 21.455 ms - 148048[0m
2024-06-24 11:13:54 info: [0mGET /uploads/1718272185584-558644428.jpg [32m200[0m 14.018 ms - 148048[0m
2024-06-24 11:13:54 info: [0mGET /api/getproduct [36m304[0m 162.208 ms - -[0m
2024-06-24 11:13:54 info: [0mGET /uploads/1718271873693-902031442.jpg [32m200[0m 5.671 ms - 148048[0m
2024-06-24 11:13:54 info: [0mGET /uploads/1718272185584-558644428.jpg [32m200[0m 6.045 ms - 148048[0m
2024-06-24 11:13:55 info: [0mGET /api/getproduct [36m304[0m 153.242 ms - -[0m
2024-06-24 11:13:55 info: [0mGET /api/getproduct [36m304[0m 107.079 ms - -[0m
2024-06-24 11:27:07 info: [0mGET /api/getproduct [36m304[0m 136.692 ms - -[0m
2024-06-24 11:27:08 info: [0mGET /api/getproduct [36m304[0m 187.658 ms - -[0m
2024-06-24 11:27:08 info: [0mGET /api/getproduct [36m304[0m 135.214 ms - -[0m
2024-06-24 11:27:08 info: [0mGET /uploads/1718271873693-902031442.jpg [32m200[0m 7.838 ms - 148048[0m
2024-06-24 11:27:08 info: [0mGET /uploads/1718272185584-558644428.jpg [32m200[0m 6.962 ms - 148048[0m
2024-06-24 11:27:08 info: [0mGET /api/getproduct [36m304[0m 211.714 ms - -[0m
2024-06-24 11:27:08 info: [0mGET /uploads/1718271873693-902031442.jpg [32m200[0m 5.747 ms - 148048[0m
2024-06-24 11:27:08 info: [0mGET /uploads/1718272185584-558644428.jpg [32m200[0m 5.665 ms - 148048[0m
2024-06-24 11:27:08 info: [0mGET /api/getproduct [36m304[0m 136.299 ms - -[0m
2024-06-24 11:27:08 info: [0mGET /api/getproduct [36m304[0m 102.855 ms - -[0m
2024-06-24 12:01:21 info: [0mGET /api/getproduct [36m304[0m 117.647 ms - -[0m
2024-06-24 12:01:21 info: [0mGET /api/getproduct [36m304[0m 4.656 ms - -[0m
2024-06-24 12:01:22 info: [0mGET /api/getproduct [36m304[0m 247.611 ms - -[0m
2024-06-24 12:01:22 info: [0mGET /api/getproduct [36m304[0m 92.582 ms - -[0m
2024-06-24 12:02:10 info: ======= ENV: development =======
2024-06-24 12:02:10 info: 🚀 App listening on the port 7777
2024-06-24 12:02:43 info: [0mGET /api/getproduct [36m304[0m 99.116 ms - -[0m
2024-06-24 12:02:43 info: [0mGET /api/getproduct [36m304[0m 97.426 ms - -[0m
2024-06-24 12:02:43 info: [0mGET /api/getproduct [36m304[0m 73.946 ms - -[0m
2024-06-24 12:02:43 info: [0mGET /uploads/1718271873693-902031442.jpg [36m304[0m 6.315 ms - -[0m
2024-06-24 12:02:43 info: [0mGET /uploads/1718272185584-558644428.jpg [32m200[0m 16.856 ms - 148048[0m
2024-06-24 12:02:43 info: [0mGET /api/getproduct [36m304[0m 108.022 ms - -[0m
2024-06-24 12:02:43 info: [0mGET /uploads/1718271873693-902031442.jpg [36m304[0m 1.775 ms - -[0m
2024-06-24 12:02:43 info: [0mGET /uploads/1718272185584-558644428.jpg [32m200[0m 19.954 ms - 148048[0m
2024-06-24 12:02:43 info: [0mGET /api/getproduct [36m304[0m 80.346 ms - -[0m
2024-06-24 12:02:44 info: [0mGET /api/getproduct [36m304[0m 73.928 ms - -[0m
2024-06-24 12:42:53 info: ======= ENV: development =======
2024-06-24 12:42:53 info: 🚀 App listening on the port 7777
2024-06-24 12:43:21 info: [0mGET /api/getproduct [36m304[0m 170.942 ms - -[0m
2024-06-24 12:43:22 info: [0mGET /api/getproduct [36m304[0m 83.881 ms - -[0m
2024-06-24 12:43:22 info: [0mGET /api/getproduct [36m304[0m 84.473 ms - -[0m
2024-06-24 12:43:22 info: [0mGET /uploads/1718271873693-902031442.jpg [36m304[0m 6.052 ms - -[0m
2024-06-24 12:43:22 info: [0mGET /uploads/1718272185584-558644428.jpg [32m200[0m 15.528 ms - 148048[0m
2024-06-24 12:43:22 info: [0mGET /api/getproduct [36m304[0m 100.629 ms - -[0m
2024-06-24 12:43:22 info: [0mGET /uploads/1718271873693-902031442.jpg [36m304[0m 2.581 ms - -[0m
2024-06-24 12:43:22 info: [0mGET /uploads/1718272185584-558644428.jpg [32m200[0m 8.822 ms - 148048[0m
2024-06-24 12:43:22 info: [0mGET /api/getproduct [36m304[0m 78.314 ms - -[0m
2024-06-24 12:43:22 info: [0mGET /api/getproduct [36m304[0m 65.823 ms - -[0m
2024-06-24 13:18:12 info: ======= ENV: development =======
2024-06-24 13:18:12 info: 🚀 App listening on the port 7777
2024-06-24 13:18:34 info: [0mGET /uploads/1718271873693-902031442.jpg [32m200[0m 18.400 ms - 148048[0m
2024-06-24 13:18:34 info: Incoming request: GET /favicon.ico
2024-06-24 13:18:34 info: Request headers:
2024-06-24 13:18:34 info: [0mGET /favicon.ico [33m404[0m 14.732 ms - 150[0m
2024-06-24 13:19:11 info: [0mGET /api/getproduct [36m304[0m 132.866 ms - -[0m
2024-06-24 13:19:11 info: [0mGET /api/getproduct [36m304[0m 155.723 ms - -[0m
2024-06-24 13:19:11 info: [0mGET /api/getproduct [36m304[0m 103.134 ms - -[0m
2024-06-24 13:19:11 info: [0mGET /uploads/1718271873693-902031442.jpg [36m304[0m 2.455 ms - -[0m
2024-06-24 13:19:11 info: [0mGET /uploads/1718272185584-558644428.jpg [32m200[0m 10.597 ms - 148048[0m
2024-06-24 13:19:11 info: [0mGET /api/getproduct [36m304[0m 131.508 ms - -[0m
2024-06-24 13:19:11 info: [0mGET /uploads/1718271873693-902031442.jpg [36m304[0m 2.159 ms - -[0m
2024-06-24 13:19:11 info: [0mGET /uploads/1718272185584-558644428.jpg [32m200[0m 10.030 ms - 148048[0m
2024-06-24 13:19:11 info: [0mGET /api/getproduct [36m304[0m 108.932 ms - -[0m
2024-06-24 13:19:11 info: [0mGET /api/getproduct [36m304[0m 72.424 ms - -[0m
2024-06-24 13:23:07 info: [0mGET /api/getproduct [36m304[0m 117.097 ms - -[0m
2024-06-24 13:23:07 info: [0mGET /api/getproduct [36m304[0m 256.464 ms - -[0m
2024-06-24 13:23:07 info: [0mGET /api/getproduct [36m304[0m 87.751 ms - -[0m
2024-06-24 13:23:08 info: [0mGET /uploads/1718271873693-902031442.jpg [36m304[0m 2.857 ms - -[0m
2024-06-24 13:23:08 info: [0mGET /uploads/1718272185584-558644428.jpg [32m200[0m 8.264 ms - 148048[0m
2024-06-24 13:23:08 info: [0mGET /api/getproduct [36m304[0m 128.332 ms - -[0m
2024-06-24 13:23:08 info: [0mGET /uploads/1718272185584-558644428.jpg [32m200[0m 3.601 ms - 148048[0m
2024-06-24 13:23:08 info: [0mGET /uploads/1718271873693-902031442.jpg [36m304[0m 21.080 ms - -[0m
2024-06-24 13:23:08 info: [0mGET /api/getproduct [36m304[0m 116.851 ms - -[0m
2024-06-24 13:23:08 info: [0mGET /api/getproduct [36m304[0m 69.236 ms - -[0m
2024-06-24 13:24:09 info: [0mGET /api/getproduct [36m304[0m 110.436 ms - -[0m
2024-06-24 13:24:10 info: [0mGET /api/getproduct [36m304[0m 173.740 ms - -[0m
2024-06-24 13:24:10 info: [0mGET /api/getproduct [36m304[0m 101.243 ms - -[0m
2024-06-24 13:24:10 info: [0mGET /uploads/1718271873693-902031442.jpg [36m304[0m 4.804 ms - -[0m
2024-06-24 13:24:10 info: [0mGET /uploads/1718272185584-558644428.jpg [32m200[0m 9.294 ms - 148048[0m
2024-06-24 13:24:10 info: [0mGET /api/getproduct [36m304[0m 122.547 ms - -[0m
2024-06-24 13:24:10 info: [0mGET /uploads/1718271873693-902031442.jpg [36m304[0m 1.665 ms - -[0m
2024-06-24 13:24:10 info: [0mGET /uploads/1718272185584-558644428.jpg [32m200[0m 5.285 ms - 148048[0m
2024-06-24 13:24:10 info: [0mGET /api/getproduct [36m304[0m 103.643 ms - -[0m
2024-06-24 13:24:10 info: [0mGET /api/getproduct [36m304[0m 72.080 ms - -[0m
2024-06-24 13:42:06 info: [0mGET /api/getproduct [36m304[0m 171.700 ms - -[0m
2024-06-24 13:42:06 info: [0mGET /api/getproduct [36m304[0m 122.256 ms - -[0m
2024-06-24 13:42:06 info: [0mGET /api/getproduct [36m304[0m 96.409 ms - -[0m
2024-06-24 13:42:06 info: [0mGET /uploads/1718271873693-902031442.jpg [36m304[0m 3.040 ms - -[0m
2024-06-24 13:42:06 info: [0mGET /uploads/1718272185584-558644428.jpg [32m200[0m 6.075 ms - 148048[0m
2024-06-24 13:42:06 info: [0mGET /api/getproduct [36m304[0m 142.177 ms - -[0m
2024-06-24 13:42:06 info: [0mGET /uploads/1718272185584-558644428.jpg [32m200[0m 3.283 ms - 148048[0m
2024-06-24 13:42:06 info: [0mGET /uploads/1718271873693-902031442.jpg [36m304[0m 14.041 ms - -[0m
2024-06-24 13:42:06 info: [0mGET /api/getproduct [36m304[0m 122.036 ms - -[0m
2024-06-24 13:42:06 info: [0mGET /api/getproduct [36m304[0m 75.834 ms - -[0m
