2024-06-21 11:34:50 info: =================================
2024-06-21 11:34:50 info: ======= ENV: development =======
2024-06-21 11:34:50 info: 🚀 App listening on the port 7777
2024-06-21 11:34:50 info: =================================
2024-06-21 11:35:08 info: [0mGET /api/getproduct [36m304[0m 492.600 ms - -[0m
2024-06-21 11:35:08 info: [0mGET /api/getproduct [36m304[0m 107.866 ms - -[0m
2024-06-21 11:35:08 info: [0mGET /api/getproduct [36m304[0m 77.298 ms - -[0m
2024-06-21 11:35:08 info: [0mGET /uploads/1718271873693-902031442.jpg [32m200[0m 26.548 ms - 148048[0m
2024-06-21 11:35:08 info: [0mGET /uploads/1718272185584-558644428.jpg [32m200[0m 24.707 ms - 148048[0m
2024-06-21 11:35:08 info: [0mGET /api/getproduct [36m304[0m 88.507 ms - -[0m
2024-06-21 11:35:08 info: [0mGET /uploads/1718271873693-902031442.jpg [32m200[0m 4.139 ms - 148048[0m
2024-06-21 11:35:08 info: [0mGET /uploads/1718272185584-558644428.jpg [32m200[0m 3.918 ms - 148048[0m
2024-06-21 11:35:08 info: [0mGET /api/getproduct [36m304[0m 80.388 ms - -[0m
2024-06-21 11:35:08 info: [0mGET /api/getproduct [36m304[0m 80.394 ms - -[0m
2024-06-21 11:41:47 info: [0mGET /api/getproduct [36m304[0m 117.959 ms - -[0m
2024-06-21 11:41:47 info: [0mGET /api/getproduct [36m304[0m 124.088 ms - -[0m
2024-06-21 11:41:47 info: [0mGET /api/getproduct [36m304[0m 78.470 ms - -[0m
2024-06-21 11:41:47 info: [0mGET /api/getproduct [36m304[0m 95.862 ms - -[0m
2024-06-21 11:41:47 info: [0mGET /api/getproduct [36m304[0m 96.758 ms - -[0m
2024-06-21 11:41:47 info: [0mGET /api/getproduct [36m304[0m 83.232 ms - -[0m
2024-06-21 11:42:06 info: [0mGET /api/getproduct [36m304[0m 90.717 ms - -[0m
2024-06-21 11:42:06 info: [0mGET /api/getproduct [36m304[0m 96.164 ms - -[0m
2024-06-21 11:42:07 info: [0mGET /api/getproduct [36m304[0m 80.047 ms - -[0m
2024-06-21 11:42:07 info: [0mGET /uploads/1718272185584-558644428.jpg [32m200[0m 7.729 ms - 148048[0m
2024-06-21 11:42:07 info: [0mGET /uploads/1718271873693-902031442.jpg [32m200[0m 4.172 ms - 148048[0m
2024-06-21 11:42:07 info: [0mGET /api/getproduct [36m304[0m 100.498 ms - -[0m
2024-06-21 11:42:07 info: [0mGET /uploads/1718271873693-902031442.jpg [32m200[0m 3.339 ms - 148048[0m
2024-06-21 11:42:07 info: [0mGET /uploads/1718272185584-558644428.jpg [32m200[0m 2.675 ms - 148048[0m
2024-06-21 11:42:07 info: [0mGET /api/getproduct [36m304[0m 77.408 ms - -[0m
2024-06-21 11:42:07 info: [0mGET /api/getproduct [36m304[0m 113.238 ms - -[0m
2024-06-21 11:43:23 info: [0mGET /api/getproduct [36m304[0m 82.962 ms - -[0m
2024-06-21 11:43:23 info: [0mGET /api/getproduct [36m304[0m 84.038 ms - -[0m
2024-06-21 11:43:30 info: [0mGET /api/getproduct [36m304[0m 135.359 ms - -[0m
2024-06-21 11:43:30 info: [0mGET /api/getproduct [36m304[0m 248.652 ms - -[0m
2024-06-21 11:43:39 info: [0mGET /api/getproduct [36m304[0m 88.701 ms - -[0m
2024-06-21 11:43:39 info: [0mGET /api/getproduct [36m304[0m 95.401 ms - -[0m
2024-06-21 11:44:28 info: [0mGET /api/getproduct [36m304[0m 369.427 ms - -[0m
2024-06-21 11:44:28 info: [0mGET /api/getproduct [36m304[0m 105.167 ms - -[0m
2024-06-21 11:44:28 info: [0mGET /api/getproduct [36m304[0m 76.719 ms - -[0m
2024-06-21 11:44:28 info: [0mGET /api/getproduct [36m304[0m 164.902 ms - -[0m
2024-06-21 11:44:28 info: [0mGET /api/getproduct [36m304[0m 85.695 ms - -[0m
2024-06-21 11:44:28 info: [0mGET /api/getproduct [36m304[0m 80.570 ms - -[0m
2024-06-21 11:44:32 info: [0mGET /api/getproduct [36m304[0m 98.354 ms - -[0m
2024-06-21 11:44:32 info: [0mGET /api/getproduct [36m304[0m 110.153 ms - -[0m
2024-06-21 11:44:32 info: [0mGET /api/getproduct [36m304[0m 92.429 ms - -[0m
2024-06-21 11:44:32 info: [0mGET /api/getproduct [36m304[0m 99.835 ms - -[0m
2024-06-21 11:44:33 info: [0mGET /api/getproduct [36m304[0m 95.844 ms - -[0m
2024-06-21 11:44:33 info: [0mGET /api/getproduct [36m304[0m 96.008 ms - -[0m
2024-06-21 11:44:42 info: ======= ENV: development =======
2024-06-21 11:44:42 info: 🚀 App listening on the port 7777
2024-06-21 11:44:49 info: [0mGET /api/getproduct [36m304[0m 191.288 ms - -[0m
2024-06-21 11:44:49 info: [0mGET /api/getproduct [36m304[0m 98.158 ms - -[0m
2024-06-21 11:44:49 info: [0mGET /api/getproduct [36m304[0m 79.099 ms - -[0m
2024-06-21 11:44:49 info: [0mGET /api/getproduct [36m304[0m 191.121 ms - -[0m
2024-06-21 11:44:49 info: [0mGET /api/getproduct [36m304[0m 76.127 ms - -[0m
2024-06-21 11:44:49 info: [0mGET /api/getproduct [36m304[0m 69.275 ms - -[0m
2024-06-21 11:45:31 info: [0mGET /api/getproduct [36m304[0m 101.264 ms - -[0m
2024-06-21 11:45:31 info: [0mGET /api/getproduct [36m304[0m 142.543 ms - -[0m
2024-06-21 11:45:31 info: [0mGET /api/getproduct [36m304[0m 86.228 ms - -[0m
2024-06-21 11:45:31 info: [0mGET /api/getproduct [36m304[0m 80.180 ms - -[0m
2024-06-21 11:45:31 info: [0mGET /api/getproduct [36m304[0m 82.858 ms - -[0m
2024-06-21 11:45:31 info: [0mGET /api/getproduct [36m304[0m 86.834 ms - -[0m
2024-06-21 11:45:36 info: [0mGET /api/getproduct [36m304[0m 106.281 ms - -[0m
2024-06-21 11:45:36 info: [0mGET /api/getproduct [36m304[0m 124.247 ms - -[0m
2024-06-21 11:45:36 info: [0mGET /api/getproduct [36m304[0m 80.310 ms - -[0m
2024-06-21 11:45:36 info: [0mGET /api/getproduct [36m304[0m 65.908 ms - -[0m
2024-06-21 11:45:36 info: [0mGET /api/getproduct [36m304[0m 73.479 ms - -[0m
2024-06-21 11:45:36 info: [0mGET /api/getproduct [36m304[0m 84.561 ms - -[0m
2024-06-21 11:45:49 info: [0mGET /api/getproduct [36m304[0m 81.496 ms - -[0m
2024-06-21 11:45:49 info: [0mGET /api/getproduct [36m304[0m 87.894 ms - -[0m
2024-06-21 11:45:49 info: [0mGET /api/getproduct [36m304[0m 83.757 ms - -[0m
2024-06-21 11:45:49 info: [0mGET /api/getproduct [36m304[0m 79.276 ms - -[0m
2024-06-21 11:45:49 info: [0mGET /api/getproduct [36m304[0m 77.135 ms - -[0m
2024-06-21 11:45:49 info: [0mGET /api/getproduct [36m304[0m 83.476 ms - -[0m
2024-06-21 11:45:56 info: [0mGET /api/getproduct [36m304[0m 75.571 ms - -[0m
2024-06-21 11:45:56 info: [0mGET /api/getproduct [36m304[0m 91.373 ms - -[0m
2024-06-21 11:45:56 info: [0mGET /api/getproduct [36m304[0m 76.317 ms - -[0m
2024-06-21 11:45:56 info: [0mGET /api/getproduct [36m304[0m 98.142 ms - -[0m
2024-06-21 11:45:56 info: [0mGET /api/getproduct [36m304[0m 86.018 ms - -[0m
2024-06-21 11:45:56 info: [0mGET /api/getproduct [36m304[0m 81.007 ms - -[0m
2024-06-21 11:46:00 info: [0mGET /api/getproduct [36m304[0m 81.465 ms - -[0m
2024-06-21 11:46:00 info: [0mGET /api/getproduct [36m304[0m 87.530 ms - -[0m
2024-06-21 11:46:00 info: [0mGET /api/getproduct [36m304[0m 75.195 ms - -[0m
2024-06-21 11:46:00 info: [0mGET /uploads/1718271873693-902031442.jpg [32m200[0m 15.159 ms - 148048[0m
2024-06-21 11:46:00 info: [0mGET /uploads/1718272185584-558644428.jpg [32m200[0m 10.022 ms - 148048[0m
2024-06-21 11:46:00 info: [0mGET /api/getproduct [36m304[0m 103.205 ms - -[0m
2024-06-21 11:46:00 info: [0mGET /uploads/1718271873693-902031442.jpg [32m200[0m 4.864 ms - 148048[0m
2024-06-21 11:46:00 info: [0mGET /uploads/1718272185584-558644428.jpg [32m200[0m 2.846 ms - 148048[0m
2024-06-21 11:46:00 info: [0mGET /api/getproduct [36m304[0m 113.968 ms - -[0m
2024-06-21 11:46:00 info: [0mGET /api/getproduct [36m304[0m 69.287 ms - -[0m
2024-06-21 11:47:22 info: [0mGET /api/getproduct [36m304[0m 61.683 ms - -[0m
2024-06-21 11:47:22 info: [0mGET /api/getproduct [36m304[0m 79.907 ms - -[0m
2024-06-21 11:47:25 info: [0mGET /api/getproduct [36m304[0m 141.244 ms - -[0m
2024-06-21 11:47:25 info: [0mGET /api/getproduct [36m304[0m 150.190 ms - -[0m
2024-06-21 11:47:25 info: [0mGET /api/getproduct [36m304[0m 147.983 ms - -[0m
2024-06-21 11:47:26 info: [0mGET /api/getproduct [36m304[0m 83.209 ms - -[0m
2024-06-21 11:47:26 info: [0mGET /api/getproduct [36m304[0m 73.251 ms - -[0m
2024-06-21 11:47:26 info: [0mGET /api/getproduct [36m304[0m 74.428 ms - -[0m
2024-06-21 11:47:59 info: [0mGET /uploads/1718272185584-558644428.jpg [32m200[0m 1.539 ms - 148048[0m
2024-06-21 11:48:06 info: [0mGET /api/getproduct [32m200[0m 82.409 ms - 674[0m
2024-06-21 11:49:09 info: [0mGET /api/products [33m404[0m 5.464 ms - 151[0m
2024-06-21 11:49:09 info: [0mGET /api/products [33m404[0m 2.206 ms - 151[0m
2024-06-21 11:49:09 info: [0mGET /api/products [33m404[0m 1.252 ms - 151[0m
2024-06-21 11:49:19 info: [0mGET /api/products [33m404[0m 0.857 ms - 151[0m
2024-06-21 11:49:19 info: [0mGET /api/products [33m404[0m 1.019 ms - 151[0m
2024-06-21 11:49:30 info: [0mGET /api/getproduct [36m304[0m 99.362 ms - -[0m
2024-06-21 11:49:30 info: [0mGET /uploads/1718271873693-902031442.jpg [32m200[0m 1.476 ms - 148048[0m
2024-06-21 11:49:30 info: [0mGET /uploads/1718272185584-558644428.jpg [32m200[0m 1.903 ms - 148048[0m
2024-06-21 11:49:30 info: [0mGET /api/getproduct [36m304[0m 140.145 ms - -[0m
2024-06-21 11:49:30 info: [0mGET /uploads/1718271873693-902031442.jpg [32m200[0m 6.896 ms - 148048[0m
2024-06-21 11:49:30 info: [0mGET /uploads/1718272185584-558644428.jpg [32m200[0m 6.660 ms - 148048[0m
2024-06-21 11:49:30 info: [0mGET /api/getproduct [36m304[0m 181.269 ms - -[0m
2024-06-21 11:49:35 info: [0mGET /api/products [33m404[0m 1.228 ms - 151[0m
2024-06-21 11:49:36 info: [0mGET /api/products [33m404[0m 1.244 ms - 151[0m
2024-06-21 11:49:41 info: [0mGET /api/products [33m404[0m 1.017 ms - 151[0m
2024-06-21 11:49:41 info: [0mGET /api/products [33m404[0m 1.056 ms - 151[0m
2024-06-21 11:49:46 info: [0mGET /api/getproduct [36m304[0m 91.737 ms - -[0m
2024-06-21 11:50:35 info: [0mGET /api/getproduct [36m304[0m 138.789 ms - -[0m
2024-06-21 11:50:35 info: [0mGET /api/getproduct [36m304[0m 107.528 ms - -[0m
2024-06-21 11:50:54 info: [0mGET /api/getproduct [36m304[0m 87.224 ms - -[0m
2024-06-21 11:50:54 info: [0mGET /api/getproduct [36m304[0m 102.179 ms - -[0m
2024-06-21 11:52:35 info: [0mGET /api/getproduct [36m304[0m 96.761 ms - -[0m
2024-06-21 11:52:36 info: [0mGET /api/getproduct [36m304[0m 106.884 ms - -[0m
2024-06-21 11:52:40 info: [0mGET /api/getproduct [36m304[0m 86.720 ms - -[0m
2024-06-21 11:52:40 info: [0mGET /api/getproduct [36m304[0m 80.146 ms - -[0m
2024-06-21 11:52:45 info: [0mGET /api/getproduct [36m304[0m 109.804 ms - -[0m
2024-06-21 11:52:45 info: [0mGET /api/getproduct [36m304[0m 136.069 ms - -[0m
2024-06-21 11:53:18 info: [0mGET /api/getproduct [36m304[0m 100.030 ms - -[0m
2024-06-21 11:53:18 info: [0mGET /api/getproduct [36m304[0m 106.968 ms - -[0m
2024-06-21 11:54:16 info: [0mGET /api/getproduct [36m304[0m 110.959 ms - -[0m
2024-06-21 11:54:16 info: [0mGET /api/getproduct [36m304[0m 121.723 ms - -[0m
2024-06-21 11:54:28 info: [0mGET /api/getproduct [36m304[0m 96.912 ms - -[0m
2024-06-21 11:54:28 info: [0mGET /api/getproduct [36m304[0m 137.403 ms - -[0m
2024-06-21 11:54:31 info: [0mGET /api/getproduct [36m304[0m 146.752 ms - -[0m
2024-06-21 11:54:31 info: [0mGET /api/getproduct [36m304[0m 115.267 ms - -[0m
2024-06-21 11:55:40 info: [0mGET /api/getproduct [36m304[0m 322.626 ms - -[0m
2024-06-21 11:55:40 info: [0mGET /api/getproduct [36m304[0m 200.610 ms - -[0m
2024-06-21 11:55:50 info: [0mGET /api/getproduct [36m304[0m 63.635 ms - -[0m
2024-06-21 11:55:50 info: [0mGET /api/getproduct [36m304[0m 88.125 ms - -[0m
2024-06-21 11:55:53 info: [0mGET /api/getproduct [36m304[0m 121.043 ms - -[0m
2024-06-21 11:55:53 info: [0mGET /api/getproduct [36m304[0m 134.899 ms - -[0m
2024-06-21 11:55:59 info: [0mGET /api/getproduct [36m304[0m 89.366 ms - -[0m
2024-06-21 11:55:59 info: [0mGET /api/getproduct [36m304[0m 116.412 ms - -[0m
2024-06-21 11:56:00 info: [0mGET /api/products [33m404[0m 0.895 ms - 151[0m
2024-06-21 11:56:00 info: [0mGET /api/products [33m404[0m 1.239 ms - 151[0m
2024-06-21 11:56:02 info: [0mGET /api/getproduct [36m304[0m 82.829 ms - -[0m
2024-06-21 11:56:02 info: [0mGET /api/getproduct [36m304[0m 84.159 ms - -[0m
2024-06-21 11:56:02 info: [0mGET /uploads/1718271873693-902031442.jpg [32m200[0m 6.476 ms - 148048[0m
2024-06-21 11:56:02 info: [0mGET /uploads/1718272185584-558644428.jpg [32m200[0m 5.112 ms - 148048[0m
2024-06-21 11:56:03 info: [0mGET /api/getproduct [36m304[0m 115.643 ms - -[0m
2024-06-21 11:56:03 info: [0mGET /uploads/1718271873693-902031442.jpg [32m200[0m 6.793 ms - 148048[0m
2024-06-21 11:56:03 info: [0mGET /uploads/1718272185584-558644428.jpg [32m200[0m 5.877 ms - 148048[0m
2024-06-21 11:56:03 info: [0mGET /api/getproduct [36m304[0m 112.902 ms - -[0m
2024-06-21 11:56:03 info: [0mGET /api/getproduct [36m304[0m 134.886 ms - -[0m
2024-06-21 11:56:05 info: [0mGET /api/getproduct [36m304[0m 125.800 ms - -[0m
2024-06-21 11:56:05 info: [0mGET /api/getproduct [36m304[0m 122.832 ms - -[0m
2024-06-21 11:56:05 info: [0mGET /api/getproduct [36m304[0m 102.173 ms - -[0m
2024-06-21 11:56:05 info: [0mGET /uploads/1718272185584-558644428.jpg [32m200[0m 3.914 ms - 148048[0m
2024-06-21 11:56:05 info: [0mGET /uploads/1718271873693-902031442.jpg [32m200[0m 3.165 ms - 148048[0m
2024-06-21 11:56:05 info: [0mGET /api/getproduct [36m304[0m 109.395 ms - -[0m
2024-06-21 11:56:05 info: [0mGET /uploads/1718271873693-902031442.jpg [32m200[0m 3.589 ms - 148048[0m
2024-06-21 11:56:05 info: [0mGET /uploads/1718272185584-558644428.jpg [32m200[0m 3.283 ms - 148048[0m
2024-06-21 11:56:05 info: [0mGET /api/getproduct [36m304[0m 99.821 ms - -[0m
2024-06-21 11:56:05 info: [0mGET /api/getproduct [36m304[0m 84.293 ms - -[0m
2024-06-21 11:57:46 info: ======= ENV: development =======
2024-06-21 11:57:46 info: 🚀 App listening on the port 7777
2024-06-21 11:57:59 info: [0mGET /api/getproduct [36m304[0m 185.630 ms - -[0m
2024-06-21 11:57:59 info: [0mGET /api/getproduct [36m304[0m 127.802 ms - -[0m
2024-06-21 11:57:59 info: [0mGET /api/getproduct [36m304[0m 106.750 ms - -[0m
2024-06-21 11:57:59 info: [0mGET /uploads/1718271873693-902031442.jpg [32m200[0m 11.621 ms - 148048[0m
2024-06-21 11:57:59 info: [0mGET /uploads/1718272185584-558644428.jpg [32m200[0m 8.020 ms - 148048[0m
2024-06-21 11:57:59 info: [0mGET /api/getproduct [36m304[0m 117.742 ms - -[0m
2024-06-21 11:57:59 info: [0mGET /uploads/1718271873693-902031442.jpg [32m200[0m 7.400 ms - 148048[0m
2024-06-21 11:57:59 info: [0mGET /uploads/1718272185584-558644428.jpg [32m200[0m 6.833 ms - 148048[0m
2024-06-21 11:58:00 info: [0mGET /api/getproduct [36m304[0m 139.482 ms - -[0m
2024-06-21 11:58:00 info: [0mGET /api/getproduct [36m304[0m 140.125 ms - -[0m
2024-06-21 11:59:09 info: ======= ENV: development =======
2024-06-21 11:59:09 info: 🚀 App listening on the port 7777
2024-06-21 11:59:18 info: [0mGET /api/getproduct [36m304[0m 180.649 ms - -[0m
2024-06-21 11:59:18 info: [0mGET /api/getproduct [36m304[0m 115.218 ms - -[0m
2024-06-21 11:59:18 info: [0mGET /api/getproduct [36m304[0m 97.931 ms - -[0m
2024-06-21 11:59:18 info: [0mGET /uploads/1718271873693-902031442.jpg [32m200[0m 15.920 ms - 148048[0m
2024-06-21 11:59:18 info: [0mGET /uploads/1718272185584-558644428.jpg [32m200[0m 13.002 ms - 148048[0m
2024-06-21 11:59:18 info: [0mGET /api/getproduct [36m304[0m 150.380 ms - -[0m
2024-06-21 11:59:18 info: [0mGET /uploads/1718271873693-902031442.jpg [32m200[0m 30.938 ms - 148048[0m
2024-06-21 11:59:18 info: [0mGET /uploads/1718272185584-558644428.jpg [32m200[0m 36.427 ms - 148048[0m
2024-06-21 11:59:18 info: [0mGET /api/getproduct [36m304[0m 143.172 ms - -[0m
2024-06-21 11:59:18 info: [0mGET /api/getproduct [36m304[0m 97.448 ms - -[0m
2024-06-21 12:01:37 info: ======= ENV: development =======
2024-06-21 12:01:37 info: 🚀 App listening on the port 7777
2024-06-21 12:01:44 info: [0mGET /api/getproduct [36m304[0m 282.909 ms - -[0m
2024-06-21 12:01:44 info: [0mGET /api/getproduct [36m304[0m 140.824 ms - -[0m
2024-06-21 12:01:44 info: [0mGET /api/getproduct [36m304[0m 109.733 ms - -[0m
2024-06-21 12:01:44 info: [0mGET /uploads/1718272185584-558644428.jpg [32m200[0m 21.825 ms - 148048[0m
2024-06-21 12:01:44 info: [0mGET /uploads/1718271873693-902031442.jpg [32m200[0m 27.817 ms - 148048[0m
2024-06-21 12:01:44 info: [0mGET /api/getproduct [36m304[0m 239.832 ms - -[0m
2024-06-21 12:01:44 info: [0mGET /uploads/1718271873693-902031442.jpg [32m200[0m 9.960 ms - 148048[0m
2024-06-21 12:01:44 info: [0mGET /uploads/1718272185584-558644428.jpg [32m200[0m 14.313 ms - 148048[0m
2024-06-21 12:01:44 info: [0mGET /api/getproduct [36m304[0m 158.248 ms - -[0m
2024-06-21 12:01:44 info: [0mGET /api/getproduct [36m304[0m 102.393 ms - -[0m
2024-06-21 12:02:23 info: [0mGET /uploads/1718271873693-902031442.jpg [32m200[0m 2.966 ms - 148048[0m
2024-06-21 12:02:23 info: Incoming request: GET /favicon.ico
2024-06-21 12:02:23 info: Request headers:
2024-06-21 12:02:23 info: [0mGET /favicon.ico [33m404[0m 9.002 ms - 150[0m
2024-06-21 12:08:24 info: [0mGET /api/getproduct [36m304[0m 97.497 ms - -[0m
2024-06-21 12:08:24 info: [0mGET /uploads/1718271873693-902031442.jpg [32m200[0m 2.427 ms - 148048[0m
2024-06-21 12:08:24 info: [0mGET /uploads/1718272185584-558644428.jpg [32m200[0m 7.571 ms - 148048[0m
2024-06-21 12:08:24 info: [0mGET /api/getproduct [36m304[0m 94.984 ms - -[0m
2024-06-21 12:08:24 info: [0mGET /uploads/1718271873693-902031442.jpg [32m200[0m 5.364 ms - 148048[0m
2024-06-21 12:08:24 info: [0mGET /uploads/1718272185584-558644428.jpg [32m200[0m 4.858 ms - 148048[0m
2024-06-21 12:08:24 info: [0mGET /api/getproduct [36m304[0m 102.517 ms - -[0m
2024-06-21 12:08:24 info: [0mGET /api/getproduct [36m304[0m 107.876 ms - -[0m
2024-06-21 12:08:24 info: [0mGET /api/getproduct [36m304[0m 89.397 ms - -[0m
2024-06-21 12:08:42 info: [0mGET /api/getproduct [36m304[0m 113.001 ms - -[0m
2024-06-21 12:08:42 info: [0mGET /api/getproduct [36m304[0m 129.808 ms - -[0m
2024-06-21 12:08:42 info: [0mGET /api/getproduct [36m304[0m 116.402 ms - -[0m
2024-06-21 12:08:42 info: [0mGET /uploads/1718271873693-902031442.jpg [32m200[0m 7.407 ms - 148048[0m
2024-06-21 12:08:42 info: [0mGET /uploads/1718272185584-558644428.jpg [32m200[0m 4.918 ms - 148048[0m
2024-06-21 12:08:42 info: [0mGET /api/getproduct [36m304[0m 108.617 ms - -[0m
2024-06-21 12:08:42 info: [0mGET /uploads/1718271873693-902031442.jpg [32m200[0m 3.539 ms - 148048[0m
2024-06-21 12:08:42 info: [0mGET /uploads/1718272185584-558644428.jpg [32m200[0m 9.472 ms - 148048[0m
2024-06-21 12:08:42 info: [0mGET /api/getproduct [36m304[0m 118.967 ms - -[0m
2024-06-21 12:08:42 info: [0mGET /api/getproduct [36m304[0m 96.554 ms - -[0m
2024-06-21 12:10:17 info: ======= ENV: development =======
2024-06-21 12:10:17 info: 🚀 App listening on the port 7777
2024-06-21 12:10:38 info: [0mGET /api/getproduct [36m304[0m 180.384 ms - -[0m
2024-06-21 12:10:38 info: [0mGET /api/getproduct [36m304[0m 153.541 ms - -[0m
2024-06-21 12:10:38 info: [0mGET /api/getproduct [36m304[0m 98.459 ms - -[0m
2024-06-21 12:10:38 info: [0mGET /uploads/1718271873693-902031442.jpg [32m200[0m 14.356 ms - 148048[0m
2024-06-21 12:10:38 info: [0mGET /uploads/1718272185584-558644428.jpg [32m200[0m 14.700 ms - 148048[0m
2024-06-21 12:10:38 info: [0mGET /api/getproduct [36m304[0m 126.850 ms - -[0m
2024-06-21 12:10:38 info: [0mGET /uploads/1718272185584-558644428.jpg [32m200[0m 4.512 ms - 148048[0m
2024-06-21 12:10:38 info: [0mGET /uploads/1718271873693-902031442.jpg [32m200[0m 5.876 ms - 148048[0m
2024-06-21 12:10:38 info: [0mGET /api/getproduct [36m304[0m 126.571 ms - -[0m
2024-06-21 12:10:39 info: [0mGET /api/getproduct [36m304[0m 95.980 ms - -[0m
2024-06-21 12:12:16 info: [0mGET /api/getproduct [36m304[0m 203.950 ms - -[0m
2024-06-21 12:12:16 info: [0mGET /uploads/1718271873693-902031442.jpg [32m200[0m 9.355 ms - 148048[0m
2024-06-21 12:12:16 info: [0mGET /uploads/1718272185584-558644428.jpg [32m200[0m 8.970 ms - 148048[0m
2024-06-21 12:12:16 info: [0mGET /api/getproduct [36m304[0m 284.918 ms - -[0m
2024-06-21 12:12:16 info: [0mGET /uploads/1718271873693-902031442.jpg [32m200[0m 8.707 ms - 148048[0m
2024-06-21 12:12:16 info: [0mGET /uploads/1718272185584-558644428.jpg [32m200[0m 7.666 ms - 148048[0m
2024-06-21 12:12:16 info: [0mGET /api/getproduct [36m304[0m 164.278 ms - -[0m
2024-06-21 12:12:16 info: [0mGET /api/getproduct [36m304[0m 134.161 ms - -[0m
2024-06-21 12:12:16 info: [0mGET /api/getproduct [36m304[0m 136.841 ms - -[0m
2024-06-21 14:38:11 info: ======= ENV: development =======
2024-06-21 14:38:11 info: 🚀 App listening on the port 7777
2024-06-21 14:57:57 info: [0mGET /api/getproduct [36m304[0m 142.913 ms - -[0m
2024-06-21 14:57:57 info: [0mGET /api/getproduct [36m304[0m 84.089 ms - -[0m
2024-06-21 14:57:57 info: [0mGET /api/getproduct [36m304[0m 79.790 ms - -[0m
2024-06-21 14:57:57 info: [0mGET /uploads/1718271873693-902031442.jpg [32m200[0m 11.234 ms - 148048[0m
2024-06-21 14:57:57 info: [0mGET /api/getproduct [36m304[0m 91.980 ms - -[0m
2024-06-21 14:57:57 info: [0mGET /uploads/1718272185584-558644428.jpg [32m200[0m 5.132 ms - 148048[0m
2024-06-21 14:57:57 info: [0mGET /uploads/1718271873693-902031442.jpg [32m200[0m 9.875 ms - 148048[0m
2024-06-21 14:57:57 info: [0mGET /api/getproduct [36m304[0m 85.792 ms - -[0m
2024-06-21 14:57:58 info: [0mGET /api/getproduct [36m304[0m 77.026 ms - -[0m
2024-06-21 14:58:35 info: [0mGET /api/getproduct [36m304[0m 85.738 ms - -[0m
2024-06-21 14:58:35 info: [0mGET /api/getproduct [36m304[0m 192.078 ms - -[0m
2024-06-21 14:58:35 info: [0mGET /api/getproduct [36m304[0m 74.832 ms - -[0m
2024-06-21 14:58:35 info: [0mGET /uploads/1718271873693-902031442.jpg [32m200[0m 2.319 ms - 148048[0m
2024-06-21 14:58:36 info: [0mGET /api/getproduct [36m304[0m 84.475 ms - -[0m
2024-06-21 14:58:36 info: [0mGET /uploads/1718272185584-558644428.jpg [32m200[0m 7.251 ms - 148048[0m
2024-06-21 14:58:36 info: [0mGET /uploads/1718271873693-902031442.jpg [32m200[0m 5.499 ms - 148048[0m
2024-06-21 14:58:36 info: [0mGET /api/getproduct [36m304[0m 86.850 ms - -[0m
2024-06-21 14:58:36 info: [0mGET /api/getproduct [36m304[0m 72.200 ms - -[0m
2024-06-21 14:59:26 info: [0mGET /api/getproduct [36m304[0m 76.214 ms - -[0m
2024-06-21 14:59:26 info: [0mGET /api/getproduct [36m304[0m 94.852 ms - -[0m
2024-06-21 14:59:26 info: [0mGET /api/getproduct [36m304[0m 125.282 ms - -[0m
2024-06-21 14:59:26 info: [0mGET /uploads/1718271873693-902031442.jpg [32m200[0m 3.143 ms - 148048[0m
2024-06-21 14:59:26 info: [0mGET /api/getproduct [36m304[0m 95.095 ms - -[0m
2024-06-21 14:59:26 info: [0mGET /uploads/1718272185584-558644428.jpg [32m200[0m 2.772 ms - 148048[0m
2024-06-21 14:59:26 info: [0mGET /uploads/1718271873693-902031442.jpg [32m200[0m 2.814 ms - 148048[0m
2024-06-21 14:59:26 info: [0mGET /api/getproduct [36m304[0m 94.234 ms - -[0m
2024-06-21 14:59:27 info: [0mGET /api/getproduct [36m304[0m 81.593 ms - -[0m
2024-06-21 15:03:51 info: [0mGET /api/getproduct [36m304[0m 78.545 ms - -[0m
2024-06-21 15:03:51 info: [0mGET /api/getproduct [36m304[0m 289.990 ms - -[0m
2024-06-21 15:03:51 info: [0mGET /uploads/1718271873693-902031442.jpg [32m200[0m 2.847 ms - 148048[0m
2024-06-21 15:03:51 info: [0mGET /uploads/1718272185584-558644428.jpg [32m200[0m 3.071 ms - 148048[0m
2024-06-21 15:03:51 info: [0mGET /api/getproduct [36m304[0m 81.217 ms - -[0m
2024-06-21 15:03:51 info: [0mGET /api/getproduct [36m304[0m 71.254 ms - -[0m
2024-06-21 15:03:59 info: [0mGET /api/getproduct [36m304[0m 80.974 ms - -[0m
2024-06-21 15:03:59 info: [0mGET /api/getproduct [36m304[0m 134.699 ms - -[0m
2024-06-21 15:03:59 info: [0mGET /api/getproduct [36m304[0m 88.407 ms - -[0m
2024-06-21 15:03:59 info: [0mGET /uploads/1718271873693-902031442.jpg [32m200[0m 5.711 ms - 148048[0m
2024-06-21 15:03:59 info: [0mGET /uploads/1718272185584-558644428.jpg [32m200[0m 4.094 ms - 148048[0m
2024-06-21 15:04:00 info: [0mGET /api/getproduct [36m304[0m 96.266 ms - -[0m
2024-06-21 15:04:00 info: [0mGET /uploads/1718271873693-902031442.jpg [32m200[0m 6.804 ms - 148048[0m
2024-06-21 15:04:00 info: [0mGET /uploads/1718272185584-558644428.jpg [32m200[0m 5.583 ms - 148048[0m
2024-06-21 15:04:00 info: [0mGET /api/getproduct [36m304[0m 82.606 ms - -[0m
2024-06-21 15:04:00 info: [0mGET /api/getproduct [36m304[0m 68.824 ms - -[0m
2024-06-21 15:07:47 info: [0mGET /api/getproduct [36m304[0m 224.781 ms - -[0m
2024-06-21 15:07:48 info: [0mGET /api/getproduct [36m304[0m 104.740 ms - -[0m
2024-06-21 15:07:48 info: [0mGET /api/getproduct [36m304[0m 80.917 ms - -[0m
2024-06-21 15:07:48 info: [0mGET /uploads/1718271873693-902031442.jpg [32m200[0m 6.105 ms - 148048[0m
2024-06-21 15:07:48 info: [0mGET /uploads/1718272185584-558644428.jpg [32m200[0m 9.314 ms - 148048[0m
2024-06-21 15:07:48 info: [0mGET /api/getproduct [36m304[0m 131.975 ms - -[0m
2024-06-21 15:07:48 info: [0mGET /uploads/1718271873693-902031442.jpg [32m200[0m 6.883 ms - 148048[0m
2024-06-21 15:07:48 info: [0mGET /uploads/1718272185584-558644428.jpg [32m200[0m 5.296 ms - 148048[0m
2024-06-21 15:07:48 info: [0mGET /api/getproduct [36m304[0m 94.076 ms - -[0m
2024-06-21 15:07:48 info: [0mGET /api/getproduct [36m304[0m 81.715 ms - -[0m
2024-06-21 15:17:31 info: ======= ENV: development =======
2024-06-21 15:17:31 info: 🚀 App listening on the port 7777
2024-06-21 15:17:45 info: [0mGET /api/getproduct [36m304[0m 889.391 ms - -[0m
2024-06-21 15:17:45 info: [0mGET /api/getproduct [36m304[0m 95.068 ms - -[0m
2024-06-21 15:17:45 info: [0mGET /api/getproduct [36m304[0m 89.332 ms - -[0m
2024-06-21 15:17:45 info: [0mGET /uploads/1718271873693-902031442.jpg [32m200[0m 18.197 ms - 148048[0m
2024-06-21 15:17:45 info: [0mGET /uploads/1718272185584-558644428.jpg [32m200[0m 24.513 ms - 148048[0m
2024-06-21 15:17:45 info: [0mGET /api/getproduct [36m304[0m 129.241 ms - -[0m
2024-06-21 15:17:45 info: [0mGET /uploads/1718271873693-902031442.jpg [32m200[0m 14.922 ms - 148048[0m
2024-06-21 15:17:45 info: [0mGET /uploads/1718272185584-558644428.jpg [32m200[0m 13.731 ms - 148048[0m
2024-06-21 15:17:45 info: [0mGET /api/getproduct [36m304[0m 187.970 ms - -[0m
2024-06-21 15:17:45 info: [0mGET /api/getproduct [36m304[0m 80.395 ms - -[0m
2024-06-21 15:20:02 info: ======= ENV: development =======
2024-06-21 15:20:02 info: 🚀 App listening on the port 7777
2024-06-21 15:20:09 info: [0mGET /api/getproduct [36m304[0m 130.066 ms - -[0m
2024-06-21 15:20:09 info: [0mGET /api/getproduct [36m304[0m 171.928 ms - -[0m
2024-06-21 15:20:10 info: [0mGET /api/getproduct [36m304[0m 82.744 ms - -[0m
2024-06-21 15:20:10 info: [0mGET /uploads/1718271873693-902031442.jpg [32m200[0m 11.039 ms - 148048[0m
2024-06-21 15:20:10 info: [0mGET /uploads/1718272185584-558644428.jpg [32m200[0m 10.480 ms - 148048[0m
2024-06-21 15:20:10 info: [0mGET /api/getproduct [36m304[0m 125.028 ms - -[0m
2024-06-21 15:20:10 info: [0mGET /uploads/1718271873693-902031442.jpg [32m200[0m 6.478 ms - 148048[0m
2024-06-21 15:20:10 info: [0mGET /uploads/1718272185584-558644428.jpg [32m200[0m 5.994 ms - 148048[0m
2024-06-21 15:20:10 info: [0mGET /api/getproduct [36m304[0m 112.943 ms - -[0m
2024-06-21 15:20:10 info: [0mGET /api/getproduct [36m304[0m 80.735 ms - -[0m
2024-06-21 15:21:23 info: [0mGET /api/getproduct [36m304[0m 151.847 ms - -[0m
2024-06-21 15:21:23 info: [0mGET /api/getproduct [36m304[0m 168.705 ms - -[0m
2024-06-21 15:21:23 info: [0mGET /api/getproduct [36m304[0m 101.539 ms - -[0m
2024-06-21 15:21:23 info: Incoming request: GET /uploads/1718271873693-902031442.jpg
2024-06-21 15:21:23 info: Request headers:
2024-06-21 15:21:23 info: Incoming request: GET /uploads/1718272185584-558644428.jpg
2024-06-21 15:21:23 info: Request headers:
2024-06-21 15:21:23 info: [0mGET /uploads/1718271873693-902031442.jpg [33m404[0m 14.506 ms - 174[0m
2024-06-21 15:21:23 info: [0mGET /uploads/1718272185584-558644428.jpg [33m404[0m 16.667 ms - 174[0m
2024-06-21 15:21:23 info: [0mGET /api/getproduct [36m304[0m 143.469 ms - -[0m
2024-06-21 15:21:23 info: Incoming request: GET /uploads/1718271873693-902031442.jpg
2024-06-21 15:21:23 info: Request headers:
2024-06-21 15:21:23 info: [0mGET /uploads/1718271873693-902031442.jpg [33m404[0m 10.592 ms - 174[0m
2024-06-21 15:21:23 info: Incoming request: GET /uploads/1718272185584-558644428.jpg
2024-06-21 15:21:23 info: Request headers:
2024-06-21 15:21:23 info: [0mGET /uploads/1718272185584-558644428.jpg [33m404[0m 16.591 ms - 174[0m
2024-06-21 15:21:24 info: [0mGET /api/getproduct [36m304[0m 149.932 ms - -[0m
2024-06-21 15:21:24 info: [0mGET /api/getproduct [36m304[0m 82.357 ms - -[0m
2024-06-21 15:24:07 info: ======= ENV: development =======
2024-06-21 15:24:07 info: 🚀 App listening on the port 7777
2024-06-21 15:24:10 info: [0mGET /api/getproduct [36m304[0m 251.299 ms - -[0m
2024-06-21 15:24:10 info: [0mGET /api/getproduct [36m304[0m 109.671 ms - -[0m
2024-06-21 15:24:11 info: [0mGET /api/getproduct [36m304[0m 82.750 ms - -[0m
2024-06-21 15:24:11 info: Serving file: D:\ECOMMERCE\ecom\api-new\src\uploads\1718271873693-902031442.jpg
2024-06-21 15:24:11 info: Incoming request: GET /uploads/1718271873693-902031442.jpg
2024-06-21 15:24:11 info: Request headers:
2024-06-21 15:24:11 info: [0mGET /uploads/1718271873693-902031442.jpg [33m404[0m 21.350 ms - 174[0m
2024-06-21 15:24:11 info: Serving file: D:\ECOMMERCE\ecom\api-new\src\uploads\1718272185584-558644428.jpg
2024-06-21 15:24:11 info: Incoming request: GET /uploads/1718272185584-558644428.jpg
2024-06-21 15:24:11 info: Request headers:
2024-06-21 15:24:11 info: [0mGET /uploads/1718272185584-558644428.jpg [33m404[0m 14.092 ms - 174[0m
2024-06-21 15:24:11 info: [0mGET /api/getproduct [36m304[0m 158.873 ms - -[0m
2024-06-21 15:24:11 info: Serving file: D:\ECOMMERCE\ecom\api-new\src\uploads\1718272185584-558644428.jpg
2024-06-21 15:24:11 info: Incoming request: GET /uploads/1718272185584-558644428.jpg
2024-06-21 15:24:11 info: Request headers:
2024-06-21 15:24:11 info: [0mGET /uploads/1718272185584-558644428.jpg [33m404[0m 9.642 ms - 174[0m
2024-06-21 15:24:11 info: Serving file: D:\ECOMMERCE\ecom\api-new\src\uploads\1718271873693-902031442.jpg
2024-06-21 15:24:11 info: Incoming request: GET /uploads/1718271873693-902031442.jpg
2024-06-21 15:24:11 info: Request headers:
2024-06-21 15:24:11 info: [0mGET /uploads/1718271873693-902031442.jpg [33m404[0m 15.905 ms - 174[0m
2024-06-21 15:24:11 info: [0mGET /api/getproduct [36m304[0m 141.337 ms - -[0m
2024-06-21 15:24:11 info: [0mGET /api/getproduct [36m304[0m 91.475 ms - -[0m
2024-06-21 15:25:03 info: [0mGET /api/getproduct [32m200[0m 143.665 ms - 674[0m
2024-06-21 15:25:03 info: [0mGET /api/getproduct [36m304[0m 124.800 ms - -[0m
2024-06-21 15:25:03 info: [0mGET /api/getproduct [36m304[0m 137.375 ms - -[0m
2024-06-21 15:25:03 info: Serving file: D:\ECOMMERCE\ecom\api-new\src\uploads\1718272185584-558644428.jpg
2024-06-21 15:25:03 info: Incoming request: GET /uploads/1718272185584-558644428.jpg
2024-06-21 15:25:03 info: Request headers:
2024-06-21 15:25:03 info: [0mGET /uploads/1718272185584-558644428.jpg [33m404[0m 7.860 ms - 174[0m
2024-06-21 15:25:03 info: Serving file: D:\ECOMMERCE\ecom\api-new\src\uploads\1718271873693-902031442.jpg
2024-06-21 15:25:03 info: Incoming request: GET /uploads/1718271873693-902031442.jpg
2024-06-21 15:25:03 info: Request headers:
2024-06-21 15:25:03 info: [0mGET /uploads/1718271873693-902031442.jpg [33m404[0m 10.457 ms - 174[0m
2024-06-21 15:25:04 info: [0mGET /api/getproduct [36m304[0m 157.661 ms - -[0m
2024-06-21 15:25:04 info: Serving file: D:\ECOMMERCE\ecom\api-new\src\uploads\1718271873693-902031442.jpg
2024-06-21 15:25:04 info: Incoming request: GET /uploads/1718271873693-902031442.jpg
2024-06-21 15:25:04 info: Request headers:
2024-06-21 15:25:04 info: [0mGET /uploads/1718271873693-902031442.jpg [33m404[0m 14.994 ms - 174[0m
2024-06-21 15:25:04 info: Serving file: D:\ECOMMERCE\ecom\api-new\src\uploads\1718272185584-558644428.jpg
2024-06-21 15:25:04 info: Incoming request: GET /uploads/1718272185584-558644428.jpg
2024-06-21 15:25:04 info: Request headers:
2024-06-21 15:25:04 info: [0mGET /uploads/1718272185584-558644428.jpg [33m404[0m 45.997 ms - 174[0m
2024-06-21 15:25:04 info: [0mGET /api/getproduct [36m304[0m 186.953 ms - -[0m
2024-06-21 15:25:04 info: [0mGET /api/getproduct [36m304[0m 127.814 ms - -[0m
2024-06-21 15:27:38 info: [0mGET /api/getproduct [32m200[0m 243.128 ms - 674[0m
2024-06-21 15:31:15 info: ======= ENV: development =======
2024-06-21 15:31:15 info: 🚀 App listening on the port 7777
2024-06-21 15:31:22 info: [0mGET /api/getproduct [36m304[0m 224.995 ms - -[0m
2024-06-21 15:31:22 info: [0mGET /api/getproduct [36m304[0m 148.178 ms - -[0m
2024-06-21 15:31:22 info: [0mGET /api/getproduct [36m304[0m 101.713 ms - -[0m
2024-06-21 15:31:22 info: Serving file: D:\ECOMMERCE\ecom\api-new\src\uploads\1718271873693-902031442.jpg
2024-06-21 15:31:22 info: Incoming request: GET /uploads/1718271873693-902031442.jpg
2024-06-21 15:31:22 info: Request headers:
2024-06-21 15:31:22 info: [0mGET /uploads/1718271873693-902031442.jpg [33m404[0m 21.556 ms - 174[0m
2024-06-21 15:31:22 info: Serving file: D:\ECOMMERCE\ecom\api-new\src\uploads\1718272185584-558644428.jpg
2024-06-21 15:31:22 info: Incoming request: GET /uploads/1718272185584-558644428.jpg
2024-06-21 15:31:22 info: Request headers:
2024-06-21 15:31:22 info: [0mGET /uploads/1718272185584-558644428.jpg [33m404[0m 24.474 ms - 174[0m
2024-06-21 15:31:22 info: [0mGET /api/getproduct [36m304[0m 141.814 ms - -[0m
2024-06-21 15:31:22 info: Serving file: D:\ECOMMERCE\ecom\api-new\src\uploads\1718271873693-902031442.jpg
2024-06-21 15:31:22 info: Incoming request: GET /uploads/1718271873693-902031442.jpg
2024-06-21 15:31:22 info: Request headers:
2024-06-21 15:31:22 info: Serving file: D:\ECOMMERCE\ecom\api-new\src\uploads\1718272185584-558644428.jpg
2024-06-21 15:31:22 info: Incoming request: GET /uploads/1718272185584-558644428.jpg
2024-06-21 15:31:22 info: Request headers:
2024-06-21 15:31:22 info: [0mGET /uploads/1718271873693-902031442.jpg [33m404[0m 12.325 ms - 174[0m
2024-06-21 15:31:22 info: [0mGET /uploads/1718272185584-558644428.jpg [33m404[0m 13.513 ms - 174[0m
2024-06-21 15:31:23 info: [0mGET /api/getproduct [36m304[0m 118.739 ms - -[0m
2024-06-21 15:31:23 info: [0mGET /api/getproduct [36m304[0m 283.646 ms - -[0m
2024-06-21 15:35:16 info: [0mGET /api/getproduct [36m304[0m 315.931 ms - -[0m
2024-06-21 15:35:17 info: [0mGET /api/getproduct [36m304[0m 175.095 ms - -[0m
2024-06-21 15:35:17 info: [0mGET /api/getproduct [36m304[0m 116.724 ms - -[0m
2024-06-21 15:35:17 info: Serving file: D:\ECOMMERCE\ecom\api-new\src\uploads\1718271873693-902031442.jpg
2024-06-21 15:35:17 info: Incoming request: GET /uploads/1718271873693-902031442.jpg
2024-06-21 15:35:17 info: Request headers:
2024-06-21 15:35:17 info: Serving file: D:\ECOMMERCE\ecom\api-new\src\uploads\1718272185584-558644428.jpg
2024-06-21 15:35:17 info: Incoming request: GET /uploads/1718272185584-558644428.jpg
2024-06-21 15:35:17 info: Request headers:
2024-06-21 15:35:17 info: [0mGET /uploads/1718271873693-902031442.jpg [33m404[0m 17.212 ms - 174[0m
2024-06-21 15:35:17 info: [0mGET /uploads/1718272185584-558644428.jpg [33m404[0m 30.346 ms - 174[0m
2024-06-21 15:35:17 info: [0mGET /api/getproduct [36m304[0m 111.143 ms - -[0m
2024-06-21 15:35:17 info: Serving file: D:\ECOMMERCE\ecom\api-new\src\uploads\1718271873693-902031442.jpg
2024-06-21 15:35:17 info: Incoming request: GET /uploads/1718271873693-902031442.jpg
2024-06-21 15:35:17 info: Request headers:
2024-06-21 15:35:17 info: [0mGET /uploads/1718271873693-902031442.jpg [33m404[0m 8.438 ms - 174[0m
2024-06-21 15:35:17 info: Serving file: D:\ECOMMERCE\ecom\api-new\src\uploads\1718272185584-558644428.jpg
2024-06-21 15:35:17 info: Incoming request: GET /uploads/1718272185584-558644428.jpg
2024-06-21 15:35:17 info: Request headers:
2024-06-21 15:35:17 info: [0mGET /uploads/1718272185584-558644428.jpg [33m404[0m 9.911 ms - 174[0m
2024-06-21 15:35:17 info: [0mGET /api/getproduct [36m304[0m 122.285 ms - -[0m
2024-06-21 15:35:17 info: [0mGET /api/getproduct [36m304[0m 120.879 ms - -[0m
2024-06-21 15:37:32 info: [0mGET /api/getproduct [36m304[0m 184.255 ms - -[0m
2024-06-21 15:37:32 info: [0mGET /api/getproduct [36m304[0m 104.157 ms - -[0m
2024-06-21 15:37:32 info: [0mGET /api/getproduct [36m304[0m 87.096 ms - -[0m
2024-06-21 15:37:32 info: Serving file: D:\ECOMMERCE\ecom\api-new\src\uploads\1718271873693-902031442.jpg
2024-06-21 15:37:32 info: Incoming request: GET /uploads/1718271873693-902031442.jpg
2024-06-21 15:37:32 info: Request headers:
2024-06-21 15:37:32 info: Serving file: D:\ECOMMERCE\ecom\api-new\src\uploads\1718272185584-558644428.jpg
2024-06-21 15:37:32 info: Incoming request: GET /uploads/1718272185584-558644428.jpg
2024-06-21 15:37:32 info: Request headers:
2024-06-21 15:37:32 info: [0mGET /uploads/1718271873693-902031442.jpg [33m404[0m 11.189 ms - 174[0m
2024-06-21 15:37:32 info: [0mGET /uploads/1718272185584-558644428.jpg [33m404[0m 10.865 ms - 174[0m
2024-06-21 15:37:32 info: [0mGET /api/getproduct [36m304[0m 144.112 ms - -[0m
2024-06-21 15:37:32 info: Serving file: D:\ECOMMERCE\ecom\api-new\src\uploads\1718271873693-902031442.jpg
2024-06-21 15:37:32 info: Incoming request: GET /uploads/1718271873693-902031442.jpg
2024-06-21 15:37:32 info: Request headers:
2024-06-21 15:37:32 info: [0mGET /uploads/1718271873693-902031442.jpg [33m404[0m 5.862 ms - 174[0m
2024-06-21 15:37:32 info: Serving file: D:\ECOMMERCE\ecom\api-new\src\uploads\1718272185584-558644428.jpg
2024-06-21 15:37:32 info: Incoming request: GET /uploads/1718272185584-558644428.jpg
2024-06-21 15:37:32 info: Request headers:
2024-06-21 15:37:32 info: [0mGET /uploads/1718272185584-558644428.jpg [33m404[0m 7.040 ms - 174[0m
2024-06-21 15:37:32 info: [0mGET /api/getproduct [36m304[0m 168.263 ms - -[0m
2024-06-21 15:37:32 info: [0mGET /api/getproduct [36m304[0m 88.031 ms - -[0m
