2024-06-19 11:07:10 error: uncaughtException: __dirname is not defined in ES module scope
ReferenceError: __dirname is not defined in ES module scope
    at <anonymous> (d:\ECOMMERCE\ecom\API-NEW\src\app.ts:80:46)
    at ModuleJob.run (node:internal/modules/esm/module_job:218:25)
    at async ModuleLoader.import (node:internal/modules/esm/loader:329:24)
    at async loadESM (node:internal/process/esm_loader:28:7)
    at async handleMainPromise (node:internal/modules/run_main:113:12)
2024-06-19 11:39:16 error: uncaughtException: __dirname is not defined in ES module scope
ReferenceError: __dirname is not defined in ES module scope
    at <anonymous> (d:\ECOMMERCE\ecom\API-NEW\src\app.ts:41:46)
    at ModuleJob.run (node:internal/modules/esm/module_job:218:25)
    at async ModuleLoader.import (node:internal/modules/esm/loader:329:24)
    at async loadESM (node:internal/process/esm_loader:28:7)
    at async handleMainPromise (node:internal/modules/run_main:113:12)
2024-06-19 12:02:08 error: uncaughtException: __dirname is not defined in ES module scope
ReferenceError: __dirname is not defined in ES module scope
    at <anonymous> (d:\ECOMMERCE\ecom\API-NEW\src\app.ts:41:46)
    at ModuleJob.run (node:internal/modules/esm/module_job:218:25)
    at async ModuleLoader.import (node:internal/modules/esm/loader:329:24)
    at async loadESM (node:internal/process/esm_loader:28:7)
    at async handleMainPromise (node:internal/modules/run_main:113:12)
2024-06-19 12:26:07 error: uncaughtException: __dirname is not defined in ES module scope
ReferenceError: __dirname is not defined in ES module scope
    at <anonymous> (d:\ECOMMERCE\ecom\API-NEW\src\app.ts:98:46)
    at ModuleJob.run (node:internal/modules/esm/module_job:218:25)
    at async ModuleLoader.import (node:internal/modules/esm/loader:329:24)
    at async loadESM (node:internal/process/esm_loader:28:7)
    at async handleMainPromise (node:internal/modules/run_main:113:12)
2024-06-19 12:47:39 error: uncaughtException: __dirname is not defined in ES module scope
ReferenceError: __dirname is not defined in ES module scope
    at <anonymous> (d:\ECOMMERCE\ecom\API-NEW\src\app.ts:98:46)
    at ModuleJob.run (node:internal/modules/esm/module_job:218:25)
    at async ModuleLoader.import (node:internal/modules/esm/loader:329:24)
    at async loadESM (node:internal/process/esm_loader:28:7)
    at async handleMainPromise (node:internal/modules/run_main:113:12)
2024-06-19 12:48:31 error: uncaughtException: __dirname is not defined in ES module scope
ReferenceError: __dirname is not defined in ES module scope
    at <anonymous> (d:\ECOMMERCE\ecom\API-NEW\src\app.ts:98:46)
    at ModuleJob.run (node:internal/modules/esm/module_job:218:25)
    at async ModuleLoader.import (node:internal/modules/esm/loader:329:24)
    at async loadESM (node:internal/process/esm_loader:28:7)
    at async handleMainPromise (node:internal/modules/run_main:113:12)
2024-06-19 12:49:14 error: uncaughtException: __dirname is not defined in ES module scope
ReferenceError: __dirname is not defined in ES module scope
    at <anonymous> (d:\ECOMMERCE\ecom\API-NEW\src\app.ts:99:46)
    at ModuleJob.run (node:internal/modules/esm/module_job:218:25)
    at async ModuleLoader.import (node:internal/modules/esm/loader:329:24)
    at async loadESM (node:internal/process/esm_loader:28:7)
    at async handleMainPromise (node:internal/modules/run_main:113:12)
2024-06-19 12:50:34 error: uncaughtException: __dirname is not defined in ES module scope
ReferenceError: __dirname is not defined in ES module scope
    at <anonymous> (d:\ECOMMERCE\ecom\API-NEW\src\app.ts:99:46)
    at ModuleJob.run (node:internal/modules/esm/module_job:218:25)
    at async ModuleLoader.import (node:internal/modules/esm/loader:329:24)
    at async loadESM (node:internal/process/esm_loader:28:7)
    at async handleMainPromise (node:internal/modules/run_main:113:12)
