2024-06-11 17:01:30 error: uncaughtException: @prisma/client did not initialize yet. Please run "prisma generate" and try to import it again.
In case this error is unexpected for you, please report it in https://pris.ly/prisma-prisma-bug-report
Error: @prisma/client did not initialize yet. Please run "prisma generate" and try to import it again.
In case this error is unexpected for you, please report it in https://pris.ly/prisma-prisma-bug-report
    at new PrismaClient (D:\ECOMMERCE\ecom\API-NEW\node_modules\.pnpm\@prisma+client@5.13.0_prisma@5.13.0\node_modules\@prisma\client\scripts\default-index.js:43:11)
    at saveUser (d:\ECOMMERCE\ecom\API-NEW\src\controllers\userController\user.ts:51:20)
    at Layer.handle [as handle_request] (D:\ECOMMERCE\ecom\API-NEW\node_modules\.pnpm\express@4.19.2\node_modules\express\lib\router\layer.js:95:5)
    at next (D:\ECOMMERCE\ecom\API-NEW\node_modules\.pnpm\express@4.19.2\node_modules\express\lib\router\route.js:149:13)
    at Route.dispatch (D:\ECOMMERCE\ecom\API-NEW\node_modules\.pnpm\express@4.19.2\node_modules\express\lib\router\route.js:119:3)
    at Layer.handle [as handle_request] (D:\ECOMMERCE\ecom\API-NEW\node_modules\.pnpm\express@4.19.2\node_modules\express\lib\router\layer.js:95:5)
    at D:\ECOMMERCE\ecom\API-NEW\node_modules\.pnpm\express@4.19.2\node_modules\express\lib\router\index.js:284:15
    at Function.process_params (D:\ECOMMERCE\ecom\API-NEW\node_modules\.pnpm\express@4.19.2\node_modules\express\lib\router\index.js:346:12)
    at next (D:\ECOMMERCE\ecom\API-NEW\node_modules\.pnpm\express@4.19.2\node_modules\express\lib\router\index.js:280:10)
    at Function.handle (D:\ECOMMERCE\ecom\API-NEW\node_modules\.pnpm\express@4.19.2\node_modules\express\lib\router\index.js:175:3)
2024-06-11 17:04:57 error: uncaughtException: @prisma/client did not initialize yet. Please run "prisma generate" and try to import it again.
In case this error is unexpected for you, please report it in https://pris.ly/prisma-prisma-bug-report
Error: @prisma/client did not initialize yet. Please run "prisma generate" and try to import it again.
In case this error is unexpected for you, please report it in https://pris.ly/prisma-prisma-bug-report
    at new PrismaClient (D:\ECOMMERCE\ecom\API-NEW\node_modules\.pnpm\@prisma+client@5.13.0_prisma@5.13.0\node_modules\@prisma\client\scripts\default-index.js:43:11)
    at saveUser (d:\ECOMMERCE\ecom\API-NEW\src\controllers\userController\user.ts:51:20)
    at Layer.handle [as handle_request] (D:\ECOMMERCE\ecom\API-NEW\node_modules\.pnpm\express@4.19.2\node_modules\express\lib\router\layer.js:95:5)
    at next (D:\ECOMMERCE\ecom\API-NEW\node_modules\.pnpm\express@4.19.2\node_modules\express\lib\router\route.js:149:13)
    at Route.dispatch (D:\ECOMMERCE\ecom\API-NEW\node_modules\.pnpm\express@4.19.2\node_modules\express\lib\router\route.js:119:3)
    at Layer.handle [as handle_request] (D:\ECOMMERCE\ecom\API-NEW\node_modules\.pnpm\express@4.19.2\node_modules\express\lib\router\layer.js:95:5)
    at D:\ECOMMERCE\ecom\API-NEW\node_modules\.pnpm\express@4.19.2\node_modules\express\lib\router\index.js:284:15
    at Function.process_params (D:\ECOMMERCE\ecom\API-NEW\node_modules\.pnpm\express@4.19.2\node_modules\express\lib\router\index.js:346:12)
    at next (D:\ECOMMERCE\ecom\API-NEW\node_modules\.pnpm\express@4.19.2\node_modules\express\lib\router\index.js:280:10)
    at Function.handle (D:\ECOMMERCE\ecom\API-NEW\node_modules\.pnpm\express@4.19.2\node_modules\express\lib\router\index.js:175:3)
